{"/Users/williamwhite/apps/william-ai-scribe/dist/assets/index-Cwrmu_pg.js": {"path":"/Users/williamwhite/apps/william-ai-scribe/dist/assets/index-Cwrmu_pg.js","all":true,"statementMap":{"0":{"start":{"line":1,"column":0},"end":{"line":1,"column":1937}},"1":{"start":{"line":2,"column":0},"end":{"line":2,"column":17}},"2":{"start":{"line":3,"column":0},"end":{"line":3,"column":26}},"3":{"start":{"line":4,"column":0},"end":{"line":4,"column":2}},"4":{"start":{"line":5,"column":0},"end":{"line":5,"column":51}},"5":{"start":{"line":6,"column":0},"end":{"line":6,"column":2}},"6":{"start":{"line":7,"column":0},"end":{"line":7,"column":66}},"7":{"start":{"line":8,"column":0},"end":{"line":8,"column":58}},"8":{"start":{"line":9,"column":0},"end":{"line":9,"column":6665}},"9":{"start":{"line":10,"column":0},"end":{"line":10,"column":17}},"10":{"start":{"line":11,"column":0},"end":{"line":11,"column":38}},"11":{"start":{"line":12,"column":0},"end":{"line":12,"column":2}},"12":{"start":{"line":13,"column":0},"end":{"line":13,"column":51}},"13":{"start":{"line":14,"column":0},"end":{"line":14,"column":2}},"14":{"start":{"line":15,"column":0},"end":{"line":15,"column":66}},"15":{"start":{"line":16,"column":0},"end":{"line":16,"column":58}},"16":{"start":{"line":17,"column":0},"end":{"line":17,"column":661}},"17":{"start":{"line":18,"column":0},"end":{"line":18,"column":17}},"18":{"start":{"line":19,"column":0},"end":{"line":19,"column":30}},"19":{"start":{"line":20,"column":0},"end":{"line":20,"column":2}},"20":{"start":{"line":21,"column":0},"end":{"line":21,"column":51}},"21":{"start":{"line":22,"column":0},"end":{"line":22,"column":2}},"22":{"start":{"line":23,"column":0},"end":{"line":23,"column":66}},"23":{"start":{"line":24,"column":0},"end":{"line":24,"column":58}},"24":{"start":{"line":25,"column":0},"end":{"line":25,"column":3854}},"25":{"start":{"line":26,"column":0},"end":{"line":26,"column":17}},"26":{"start":{"line":27,"column":0},"end":{"line":27,"column":30}},"27":{"start":{"line":28,"column":0},"end":{"line":28,"column":2}},"28":{"start":{"line":29,"column":0},"end":{"line":29,"column":51}},"29":{"start":{"line":30,"column":0},"end":{"line":30,"column":2}},"30":{"start":{"line":31,"column":0},"end":{"line":31,"column":66}},"31":{"start":{"line":32,"column":0},"end":{"line":32,"column":58}},"32":{"start":{"line":33,"column":0},"end":{"line":33,"column":6108}},"33":{"start":{"line":34,"column":0},"end":{"line":34,"column":512}},"34":{"start":{"line":35,"column":0},"end":{"line":35,"column":20}},"35":{"start":{"line":36,"column":0},"end":{"line":36,"column":153}},"36":{"start":{"line":37,"column":0},"end":{"line":37,"column":37534}},"37":{"start":{"line":38,"column":0},"end":{"line":38,"column":27934}},"38":{"start":{"line":39,"column":0},"end":{"line":39,"column":37}},"39":{"start":{"line":40,"column":0},"end":{"line":40,"column":57661}},"40":{"start":{"line":41,"column":0},"end":{"line":41,"column":28}},"41":{"start":{"line":42,"column":0},"end":{"line":42,"column":2}},"42":{"start":{"line":43,"column":0},"end":{"line":43,"column":36}},"43":{"start":{"line":44,"column":0},"end":{"line":44,"column":2}},"44":{"start":{"line":45,"column":0},"end":{"line":45,"column":66}},"45":{"start":{"line":46,"column":0},"end":{"line":46,"column":61}},"46":{"start":{"line":47,"column":0},"end":{"line":47,"column":2}},"47":{"start":{"line":48,"column":0},"end":{"line":48,"column":15}},"48":{"start":{"line":49,"column":0},"end":{"line":49,"column":8892}},"49":{"start":{"line":50,"column":0},"end":{"line":50,"column":23}},"50":{"start":{"line":51,"column":0},"end":{"line":51,"column":2}},"51":{"start":{"line":52,"column":0},"end":{"line":52,"column":36}},"52":{"start":{"line":53,"column":0},"end":{"line":53,"column":2}},"53":{"start":{"line":54,"column":0},"end":{"line":54,"column":66}},"54":{"start":{"line":55,"column":0},"end":{"line":55,"column":61}},"55":{"start":{"line":56,"column":0},"end":{"line":56,"column":2}},"56":{"start":{"line":57,"column":0},"end":{"line":57,"column":15}},"57":{"start":{"line":58,"column":0},"end":{"line":58,"column":8228}},"58":{"start":{"line":59,"column":0},"end":{"line":59,"column":27}},"59":{"start":{"line":60,"column":0},"end":{"line":60,"column":2}},"60":{"start":{"line":61,"column":0},"end":{"line":61,"column":36}},"61":{"start":{"line":62,"column":0},"end":{"line":62,"column":2}},"62":{"start":{"line":63,"column":0},"end":{"line":63,"column":66}},"63":{"start":{"line":64,"column":0},"end":{"line":64,"column":61}},"64":{"start":{"line":65,"column":0},"end":{"line":65,"column":2}},"65":{"start":{"line":66,"column":0},"end":{"line":66,"column":15}},"66":{"start":{"line":67,"column":0},"end":{"line":67,"column":28821}},"67":{"start":{"line":68,"column":0},"end":{"line":68,"column":39}},"68":{"start":{"line":69,"column":0},"end":{"line":69,"column":2}},"69":{"start":{"line":70,"column":0},"end":{"line":70,"column":54}},"70":{"start":{"line":71,"column":0},"end":{"line":71,"column":66}},"71":{"start":{"line":72,"column":0},"end":{"line":72,"column":156}},"72":{"start":{"line":73,"column":0},"end":{"line":73,"column":39}},"73":{"start":{"line":74,"column":0},"end":{"line":74,"column":2}},"74":{"start":{"line":75,"column":0},"end":{"line":75,"column":54}},"75":{"start":{"line":76,"column":0},"end":{"line":76,"column":66}},"76":{"start":{"line":77,"column":0},"end":{"line":77,"column":182}},"77":{"start":{"line":78,"column":0},"end":{"line":78,"column":39}},"78":{"start":{"line":79,"column":0},"end":{"line":79,"column":2}},"79":{"start":{"line":80,"column":0},"end":{"line":80,"column":54}},"80":{"start":{"line":81,"column":0},"end":{"line":81,"column":66}},"81":{"start":{"line":82,"column":0},"end":{"line":82,"column":349}},"82":{"start":{"line":83,"column":0},"end":{"line":83,"column":39}},"83":{"start":{"line":84,"column":0},"end":{"line":84,"column":2}},"84":{"start":{"line":85,"column":0},"end":{"line":85,"column":54}},"85":{"start":{"line":86,"column":0},"end":{"line":86,"column":66}},"86":{"start":{"line":87,"column":0},"end":{"line":87,"column":177}},"87":{"start":{"line":88,"column":0},"end":{"line":88,"column":39}},"88":{"start":{"line":89,"column":0},"end":{"line":89,"column":2}},"89":{"start":{"line":90,"column":0},"end":{"line":90,"column":54}},"90":{"start":{"line":91,"column":0},"end":{"line":91,"column":66}},"91":{"start":{"line":92,"column":0},"end":{"line":92,"column":182}},"92":{"start":{"line":93,"column":0},"end":{"line":93,"column":39}},"93":{"start":{"line":94,"column":0},"end":{"line":94,"column":2}},"94":{"start":{"line":95,"column":0},"end":{"line":95,"column":54}},"95":{"start":{"line":96,"column":0},"end":{"line":96,"column":66}},"96":{"start":{"line":97,"column":0},"end":{"line":97,"column":112}},"97":{"start":{"line":98,"column":0},"end":{"line":98,"column":39}},"98":{"start":{"line":99,"column":0},"end":{"line":99,"column":2}},"99":{"start":{"line":100,"column":0},"end":{"line":100,"column":54}},"100":{"start":{"line":101,"column":0},"end":{"line":101,"column":66}},"101":{"start":{"line":102,"column":0},"end":{"line":102,"column":112}},"102":{"start":{"line":103,"column":0},"end":{"line":103,"column":39}},"103":{"start":{"line":104,"column":0},"end":{"line":104,"column":2}},"104":{"start":{"line":105,"column":0},"end":{"line":105,"column":54}},"105":{"start":{"line":106,"column":0},"end":{"line":106,"column":66}},"106":{"start":{"line":107,"column":0},"end":{"line":107,"column":226}},"107":{"start":{"line":108,"column":0},"end":{"line":108,"column":39}},"108":{"start":{"line":109,"column":0},"end":{"line":109,"column":2}},"109":{"start":{"line":110,"column":0},"end":{"line":110,"column":54}},"110":{"start":{"line":111,"column":0},"end":{"line":111,"column":66}},"111":{"start":{"line":112,"column":0},"end":{"line":112,"column":276}},"112":{"start":{"line":113,"column":0},"end":{"line":113,"column":39}},"113":{"start":{"line":114,"column":0},"end":{"line":114,"column":2}},"114":{"start":{"line":115,"column":0},"end":{"line":115,"column":54}},"115":{"start":{"line":116,"column":0},"end":{"line":116,"column":66}},"116":{"start":{"line":117,"column":0},"end":{"line":117,"column":682}},"117":{"start":{"line":118,"column":0},"end":{"line":118,"column":39}},"118":{"start":{"line":119,"column":0},"end":{"line":119,"column":2}},"119":{"start":{"line":120,"column":0},"end":{"line":120,"column":54}},"120":{"start":{"line":121,"column":0},"end":{"line":121,"column":66}},"121":{"start":{"line":122,"column":0},"end":{"line":122,"column":490}},"122":{"start":{"line":123,"column":0},"end":{"line":123,"column":39}},"123":{"start":{"line":124,"column":0},"end":{"line":124,"column":2}},"124":{"start":{"line":125,"column":0},"end":{"line":125,"column":54}},"125":{"start":{"line":126,"column":0},"end":{"line":126,"column":66}},"126":{"start":{"line":127,"column":0},"end":{"line":127,"column":205}},"127":{"start":{"line":128,"column":0},"end":{"line":128,"column":39}},"128":{"start":{"line":129,"column":0},"end":{"line":129,"column":2}},"129":{"start":{"line":130,"column":0},"end":{"line":130,"column":54}},"130":{"start":{"line":131,"column":0},"end":{"line":131,"column":66}},"131":{"start":{"line":132,"column":0},"end":{"line":132,"column":126}},"132":{"start":{"line":133,"column":0},"end":{"line":133,"column":39}},"133":{"start":{"line":134,"column":0},"end":{"line":134,"column":2}},"134":{"start":{"line":135,"column":0},"end":{"line":135,"column":54}},"135":{"start":{"line":136,"column":0},"end":{"line":136,"column":66}},"136":{"start":{"line":137,"column":0},"end":{"line":137,"column":72}},"137":{"start":{"line":138,"column":0},"end":{"line":138,"column":39}},"138":{"start":{"line":139,"column":0},"end":{"line":139,"column":2}},"139":{"start":{"line":140,"column":0},"end":{"line":140,"column":54}},"140":{"start":{"line":141,"column":0},"end":{"line":141,"column":66}},"141":{"start":{"line":142,"column":0},"end":{"line":142,"column":75}},"142":{"start":{"line":143,"column":0},"end":{"line":143,"column":39}},"143":{"start":{"line":144,"column":0},"end":{"line":144,"column":2}},"144":{"start":{"line":145,"column":0},"end":{"line":145,"column":54}},"145":{"start":{"line":146,"column":0},"end":{"line":146,"column":66}},"146":{"start":{"line":147,"column":0},"end":{"line":147,"column":75}},"147":{"start":{"line":148,"column":0},"end":{"line":148,"column":39}},"148":{"start":{"line":149,"column":0},"end":{"line":149,"column":2}},"149":{"start":{"line":150,"column":0},"end":{"line":150,"column":54}},"150":{"start":{"line":151,"column":0},"end":{"line":151,"column":66}},"151":{"start":{"line":152,"column":0},"end":{"line":152,"column":197}},"152":{"start":{"line":153,"column":0},"end":{"line":153,"column":39}},"153":{"start":{"line":154,"column":0},"end":{"line":154,"column":2}},"154":{"start":{"line":155,"column":0},"end":{"line":155,"column":54}},"155":{"start":{"line":156,"column":0},"end":{"line":156,"column":66}},"156":{"start":{"line":157,"column":0},"end":{"line":157,"column":125}},"157":{"start":{"line":158,"column":0},"end":{"line":158,"column":39}},"158":{"start":{"line":159,"column":0},"end":{"line":159,"column":2}},"159":{"start":{"line":160,"column":0},"end":{"line":160,"column":54}},"160":{"start":{"line":161,"column":0},"end":{"line":161,"column":66}},"161":{"start":{"line":162,"column":0},"end":{"line":162,"column":78}},"162":{"start":{"line":163,"column":0},"end":{"line":163,"column":39}},"163":{"start":{"line":164,"column":0},"end":{"line":164,"column":2}},"164":{"start":{"line":165,"column":0},"end":{"line":165,"column":54}},"165":{"start":{"line":166,"column":0},"end":{"line":166,"column":66}},"166":{"start":{"line":167,"column":0},"end":{"line":167,"column":131}},"167":{"start":{"line":168,"column":0},"end":{"line":168,"column":39}},"168":{"start":{"line":169,"column":0},"end":{"line":169,"column":2}},"169":{"start":{"line":170,"column":0},"end":{"line":170,"column":54}},"170":{"start":{"line":171,"column":0},"end":{"line":171,"column":66}},"171":{"start":{"line":172,"column":0},"end":{"line":172,"column":166}},"172":{"start":{"line":173,"column":0},"end":{"line":173,"column":39}},"173":{"start":{"line":174,"column":0},"end":{"line":174,"column":2}},"174":{"start":{"line":175,"column":0},"end":{"line":175,"column":54}},"175":{"start":{"line":176,"column":0},"end":{"line":176,"column":66}},"176":{"start":{"line":177,"column":0},"end":{"line":177,"column":210}},"177":{"start":{"line":178,"column":0},"end":{"line":178,"column":39}},"178":{"start":{"line":179,"column":0},"end":{"line":179,"column":2}},"179":{"start":{"line":180,"column":0},"end":{"line":180,"column":54}},"180":{"start":{"line":181,"column":0},"end":{"line":181,"column":66}},"181":{"start":{"line":182,"column":0},"end":{"line":182,"column":204}},"182":{"start":{"line":183,"column":0},"end":{"line":183,"column":39}},"183":{"start":{"line":184,"column":0},"end":{"line":184,"column":2}},"184":{"start":{"line":185,"column":0},"end":{"line":185,"column":54}},"185":{"start":{"line":186,"column":0},"end":{"line":186,"column":66}},"186":{"start":{"line":187,"column":0},"end":{"line":187,"column":280}},"187":{"start":{"line":188,"column":0},"end":{"line":188,"column":39}},"188":{"start":{"line":189,"column":0},"end":{"line":189,"column":2}},"189":{"start":{"line":190,"column":0},"end":{"line":190,"column":54}},"190":{"start":{"line":191,"column":0},"end":{"line":191,"column":66}},"191":{"start":{"line":192,"column":0},"end":{"line":192,"column":109}},"192":{"start":{"line":193,"column":0},"end":{"line":193,"column":39}},"193":{"start":{"line":194,"column":0},"end":{"line":194,"column":2}},"194":{"start":{"line":195,"column":0},"end":{"line":195,"column":54}},"195":{"start":{"line":196,"column":0},"end":{"line":196,"column":66}},"196":{"start":{"line":197,"column":0},"end":{"line":197,"column":167}},"197":{"start":{"line":198,"column":0},"end":{"line":198,"column":39}},"198":{"start":{"line":199,"column":0},"end":{"line":199,"column":2}},"199":{"start":{"line":200,"column":0},"end":{"line":200,"column":54}},"200":{"start":{"line":201,"column":0},"end":{"line":201,"column":66}},"201":{"start":{"line":202,"column":0},"end":{"line":202,"column":244}},"202":{"start":{"line":203,"column":0},"end":{"line":203,"column":39}},"203":{"start":{"line":204,"column":0},"end":{"line":204,"column":2}},"204":{"start":{"line":205,"column":0},"end":{"line":205,"column":54}},"205":{"start":{"line":206,"column":0},"end":{"line":206,"column":66}},"206":{"start":{"line":207,"column":0},"end":{"line":207,"column":193}},"207":{"start":{"line":208,"column":0},"end":{"line":208,"column":39}},"208":{"start":{"line":209,"column":0},"end":{"line":209,"column":2}},"209":{"start":{"line":210,"column":0},"end":{"line":210,"column":54}},"210":{"start":{"line":211,"column":0},"end":{"line":211,"column":66}},"211":{"start":{"line":212,"column":0},"end":{"line":212,"column":185}},"212":{"start":{"line":213,"column":0},"end":{"line":213,"column":39}},"213":{"start":{"line":214,"column":0},"end":{"line":214,"column":2}},"214":{"start":{"line":215,"column":0},"end":{"line":215,"column":54}},"215":{"start":{"line":216,"column":0},"end":{"line":216,"column":66}},"216":{"start":{"line":217,"column":0},"end":{"line":217,"column":237}},"217":{"start":{"line":218,"column":0},"end":{"line":218,"column":39}},"218":{"start":{"line":219,"column":0},"end":{"line":219,"column":2}},"219":{"start":{"line":220,"column":0},"end":{"line":220,"column":54}},"220":{"start":{"line":221,"column":0},"end":{"line":221,"column":66}},"221":{"start":{"line":222,"column":0},"end":{"line":222,"column":234}},"222":{"start":{"line":223,"column":0},"end":{"line":223,"column":39}},"223":{"start":{"line":224,"column":0},"end":{"line":224,"column":2}},"224":{"start":{"line":225,"column":0},"end":{"line":225,"column":54}},"225":{"start":{"line":226,"column":0},"end":{"line":226,"column":66}},"226":{"start":{"line":227,"column":0},"end":{"line":227,"column":91}},"227":{"start":{"line":228,"column":0},"end":{"line":228,"column":39}},"228":{"start":{"line":229,"column":0},"end":{"line":229,"column":2}},"229":{"start":{"line":230,"column":0},"end":{"line":230,"column":54}},"230":{"start":{"line":231,"column":0},"end":{"line":231,"column":66}},"231":{"start":{"line":232,"column":0},"end":{"line":232,"column":154}},"232":{"start":{"line":233,"column":0},"end":{"line":233,"column":39}},"233":{"start":{"line":234,"column":0},"end":{"line":234,"column":2}},"234":{"start":{"line":235,"column":0},"end":{"line":235,"column":54}},"235":{"start":{"line":236,"column":0},"end":{"line":236,"column":66}},"236":{"start":{"line":237,"column":0},"end":{"line":237,"column":163}},"237":{"start":{"line":238,"column":0},"end":{"line":238,"column":39}},"238":{"start":{"line":239,"column":0},"end":{"line":239,"column":2}},"239":{"start":{"line":240,"column":0},"end":{"line":240,"column":54}},"240":{"start":{"line":241,"column":0},"end":{"line":241,"column":66}},"241":{"start":{"line":242,"column":0},"end":{"line":242,"column":95}},"242":{"start":{"line":243,"column":0},"end":{"line":243,"column":39}},"243":{"start":{"line":244,"column":0},"end":{"line":244,"column":2}},"244":{"start":{"line":245,"column":0},"end":{"line":245,"column":54}},"245":{"start":{"line":246,"column":0},"end":{"line":246,"column":66}},"246":{"start":{"line":247,"column":0},"end":{"line":247,"column":126}},"247":{"start":{"line":248,"column":0},"end":{"line":248,"column":39}},"248":{"start":{"line":249,"column":0},"end":{"line":249,"column":2}},"249":{"start":{"line":250,"column":0},"end":{"line":250,"column":54}},"250":{"start":{"line":251,"column":0},"end":{"line":251,"column":66}},"251":{"start":{"line":252,"column":0},"end":{"line":252,"column":370}},"252":{"start":{"line":253,"column":0},"end":{"line":253,"column":39}},"253":{"start":{"line":254,"column":0},"end":{"line":254,"column":2}},"254":{"start":{"line":255,"column":0},"end":{"line":255,"column":54}},"255":{"start":{"line":256,"column":0},"end":{"line":256,"column":66}},"256":{"start":{"line":257,"column":0},"end":{"line":257,"column":218}},"257":{"start":{"line":258,"column":0},"end":{"line":258,"column":39}},"258":{"start":{"line":259,"column":0},"end":{"line":259,"column":2}},"259":{"start":{"line":260,"column":0},"end":{"line":260,"column":54}},"260":{"start":{"line":261,"column":0},"end":{"line":261,"column":66}},"261":{"start":{"line":262,"column":0},"end":{"line":262,"column":238}},"262":{"start":{"line":263,"column":0},"end":{"line":263,"column":39}},"263":{"start":{"line":264,"column":0},"end":{"line":264,"column":2}},"264":{"start":{"line":265,"column":0},"end":{"line":265,"column":54}},"265":{"start":{"line":266,"column":0},"end":{"line":266,"column":66}},"266":{"start":{"line":267,"column":0},"end":{"line":267,"column":673}},"267":{"start":{"line":268,"column":0},"end":{"line":268,"column":39}},"268":{"start":{"line":269,"column":0},"end":{"line":269,"column":2}},"269":{"start":{"line":270,"column":0},"end":{"line":270,"column":54}},"270":{"start":{"line":271,"column":0},"end":{"line":271,"column":66}},"271":{"start":{"line":272,"column":0},"end":{"line":272,"column":220}},"272":{"start":{"line":273,"column":0},"end":{"line":273,"column":39}},"273":{"start":{"line":274,"column":0},"end":{"line":274,"column":2}},"274":{"start":{"line":275,"column":0},"end":{"line":275,"column":54}},"275":{"start":{"line":276,"column":0},"end":{"line":276,"column":66}},"276":{"start":{"line":277,"column":0},"end":{"line":277,"column":456}},"277":{"start":{"line":278,"column":0},"end":{"line":278,"column":39}},"278":{"start":{"line":279,"column":0},"end":{"line":279,"column":2}},"279":{"start":{"line":280,"column":0},"end":{"line":280,"column":54}},"280":{"start":{"line":281,"column":0},"end":{"line":281,"column":66}},"281":{"start":{"line":282,"column":0},"end":{"line":282,"column":171}},"282":{"start":{"line":283,"column":0},"end":{"line":283,"column":39}},"283":{"start":{"line":284,"column":0},"end":{"line":284,"column":2}},"284":{"start":{"line":285,"column":0},"end":{"line":285,"column":54}},"285":{"start":{"line":286,"column":0},"end":{"line":286,"column":66}},"286":{"start":{"line":287,"column":0},"end":{"line":287,"column":420}},"287":{"start":{"line":288,"column":0},"end":{"line":288,"column":39}},"288":{"start":{"line":289,"column":0},"end":{"line":289,"column":2}},"289":{"start":{"line":290,"column":0},"end":{"line":290,"column":54}},"290":{"start":{"line":291,"column":0},"end":{"line":291,"column":66}},"291":{"start":{"line":292,"column":0},"end":{"line":292,"column":174}},"292":{"start":{"line":293,"column":0},"end":{"line":293,"column":39}},"293":{"start":{"line":294,"column":0},"end":{"line":294,"column":2}},"294":{"start":{"line":295,"column":0},"end":{"line":295,"column":54}},"295":{"start":{"line":296,"column":0},"end":{"line":296,"column":66}},"296":{"start":{"line":297,"column":0},"end":{"line":297,"column":152}},"297":{"start":{"line":298,"column":0},"end":{"line":298,"column":39}},"298":{"start":{"line":299,"column":0},"end":{"line":299,"column":2}},"299":{"start":{"line":300,"column":0},"end":{"line":300,"column":54}},"300":{"start":{"line":301,"column":0},"end":{"line":301,"column":66}},"301":{"start":{"line":302,"column":0},"end":{"line":302,"column":144}},"302":{"start":{"line":303,"column":0},"end":{"line":303,"column":39}},"303":{"start":{"line":304,"column":0},"end":{"line":304,"column":2}},"304":{"start":{"line":305,"column":0},"end":{"line":305,"column":54}},"305":{"start":{"line":306,"column":0},"end":{"line":306,"column":66}},"306":{"start":{"line":307,"column":0},"end":{"line":307,"column":252}},"307":{"start":{"line":308,"column":0},"end":{"line":308,"column":39}},"308":{"start":{"line":309,"column":0},"end":{"line":309,"column":2}},"309":{"start":{"line":310,"column":0},"end":{"line":310,"column":54}},"310":{"start":{"line":311,"column":0},"end":{"line":311,"column":66}},"311":{"start":{"line":312,"column":0},"end":{"line":312,"column":337}},"312":{"start":{"line":313,"column":0},"end":{"line":313,"column":39}},"313":{"start":{"line":314,"column":0},"end":{"line":314,"column":2}},"314":{"start":{"line":315,"column":0},"end":{"line":315,"column":54}},"315":{"start":{"line":316,"column":0},"end":{"line":316,"column":66}},"316":{"start":{"line":317,"column":0},"end":{"line":317,"column":337}},"317":{"start":{"line":318,"column":0},"end":{"line":318,"column":39}},"318":{"start":{"line":319,"column":0},"end":{"line":319,"column":2}},"319":{"start":{"line":320,"column":0},"end":{"line":320,"column":54}},"320":{"start":{"line":321,"column":0},"end":{"line":321,"column":66}},"321":{"start":{"line":322,"column":0},"end":{"line":322,"column":102}},"322":{"start":{"line":323,"column":0},"end":{"line":323,"column":39}},"323":{"start":{"line":324,"column":0},"end":{"line":324,"column":2}},"324":{"start":{"line":325,"column":0},"end":{"line":325,"column":54}},"325":{"start":{"line":326,"column":0},"end":{"line":326,"column":66}},"326":{"start":{"line":327,"column":0},"end":{"line":327,"column":18339}},"327":{"start":{"line":328,"column":0},"end":{"line":328,"column":19}},"328":{"start":{"line":329,"column":0},"end":{"line":329,"column":458}},"329":{"start":{"line":330,"column":0},"end":{"line":330,"column":0}},"330":{"start":{"line":331,"column":0},"end":{"line":331,"column":17133}},"331":{"start":{"line":332,"column":0},"end":{"line":332,"column":38}},"332":{"start":{"line":333,"column":0},"end":{"line":333,"column":35}},"333":{"start":{"line":334,"column":0},"end":{"line":334,"column":78}},"334":{"start":{"line":335,"column":0},"end":{"line":335,"column":5}},"335":{"start":{"line":336,"column":0},"end":{"line":336,"column":1740}},"336":{"start":{"line":337,"column":0},"end":{"line":337,"column":0}},"337":{"start":{"line":338,"column":0},"end":{"line":338,"column":75}},"338":{"start":{"line":339,"column":0},"end":{"line":339,"column":0}},"339":{"start":{"line":340,"column":0},"end":{"line":340,"column":60}},"340":{"start":{"line":341,"column":0},"end":{"line":341,"column":47}},"341":{"start":{"line":342,"column":0},"end":{"line":342,"column":0}},"342":{"start":{"line":343,"column":0},"end":{"line":343,"column":16}},"343":{"start":{"line":344,"column":0},"end":{"line":344,"column":0}},"344":{"start":{"line":345,"column":0},"end":{"line":345,"column":21}},"345":{"start":{"line":346,"column":0},"end":{"line":346,"column":42}},"346":{"start":{"line":347,"column":0},"end":{"line":347,"column":15}},"347":{"start":{"line":348,"column":0},"end":{"line":348,"column":17}},"348":{"start":{"line":349,"column":0},"end":{"line":349,"column":25046}},"349":{"start":{"line":350,"column":0},"end":{"line":350,"column":27587}},"350":{"start":{"line":351,"column":0},"end":{"line":351,"column":71410}},"351":{"start":{"line":352,"column":0},"end":{"line":352,"column":31102}},"352":{"start":{"line":353,"column":0},"end":{"line":353,"column":0}},"353":{"start":{"line":354,"column":0},"end":{"line":354,"column":44}},"354":{"start":{"line":355,"column":0},"end":{"line":355,"column":41}},"355":{"start":{"line":356,"column":0},"end":{"line":356,"column":34}},"356":{"start":{"line":357,"column":0},"end":{"line":357,"column":35}},"357":{"start":{"line":358,"column":0},"end":{"line":358,"column":30}},"358":{"start":{"line":359,"column":0},"end":{"line":359,"column":0}},"359":{"start":{"line":360,"column":0},"end":{"line":360,"column":540}},"360":{"start":{"line":361,"column":0},"end":{"line":361,"column":0}},"361":{"start":{"line":362,"column":0},"end":{"line":362,"column":70}},"362":{"start":{"line":363,"column":0},"end":{"line":363,"column":42}},"363":{"start":{"line":364,"column":0},"end":{"line":364,"column":47}},"364":{"start":{"line":365,"column":0},"end":{"line":365,"column":49}},"365":{"start":{"line":366,"column":0},"end":{"line":366,"column":52}},"366":{"start":{"line":367,"column":0},"end":{"line":367,"column":0}},"367":{"start":{"line":368,"column":0},"end":{"line":368,"column":504}},"368":{"start":{"line":369,"column":0},"end":{"line":369,"column":0}},"369":{"start":{"line":370,"column":0},"end":{"line":370,"column":50}},"370":{"start":{"line":371,"column":0},"end":{"line":371,"column":44}},"371":{"start":{"line":372,"column":0},"end":{"line":372,"column":38}},"372":{"start":{"line":373,"column":0},"end":{"line":373,"column":26}},"373":{"start":{"line":374,"column":0},"end":{"line":374,"column":54}},"374":{"start":{"line":375,"column":0},"end":{"line":375,"column":0}},"375":{"start":{"line":376,"column":0},"end":{"line":376,"column":600}},"376":{"start":{"line":377,"column":0},"end":{"line":377,"column":0}},"377":{"start":{"line":378,"column":0},"end":{"line":378,"column":54}},"378":{"start":{"line":379,"column":0},"end":{"line":379,"column":50}},"379":{"start":{"line":380,"column":0},"end":{"line":380,"column":38}},"380":{"start":{"line":381,"column":0},"end":{"line":381,"column":47}},"381":{"start":{"line":382,"column":0},"end":{"line":382,"column":46}},"382":{"start":{"line":383,"column":0},"end":{"line":383,"column":0}},"383":{"start":{"line":384,"column":0},"end":{"line":384,"column":483}},"384":{"start":{"line":385,"column":0},"end":{"line":385,"column":0}},"385":{"start":{"line":386,"column":0},"end":{"line":386,"column":48}},"386":{"start":{"line":387,"column":0},"end":{"line":387,"column":45}},"387":{"start":{"line":388,"column":0},"end":{"line":388,"column":40}},"388":{"start":{"line":389,"column":0},"end":{"line":389,"column":37}},"389":{"start":{"line":390,"column":0},"end":{"line":390,"column":45}},"390":{"start":{"line":391,"column":0},"end":{"line":391,"column":0}},"391":{"start":{"line":392,"column":0},"end":{"line":392,"column":521}},"392":{"start":{"line":393,"column":0},"end":{"line":393,"column":0}},"393":{"start":{"line":394,"column":0},"end":{"line":394,"column":46}},"394":{"start":{"line":395,"column":0},"end":{"line":395,"column":56}},"395":{"start":{"line":396,"column":0},"end":{"line":396,"column":59}},"396":{"start":{"line":397,"column":0},"end":{"line":397,"column":44}},"397":{"start":{"line":398,"column":0},"end":{"line":398,"column":58}},"398":{"start":{"line":399,"column":0},"end":{"line":399,"column":0}},"399":{"start":{"line":400,"column":0},"end":{"line":400,"column":17840}},"400":{"start":{"line":401,"column":0},"end":{"line":401,"column":39}},"401":{"start":{"line":402,"column":0},"end":{"line":402,"column":42}},"402":{"start":{"line":403,"column":0},"end":{"line":403,"column":37}},"403":{"start":{"line":404,"column":0},"end":{"line":404,"column":38}},"404":{"start":{"line":405,"column":0},"end":{"line":405,"column":35}},"405":{"start":{"line":406,"column":0},"end":{"line":406,"column":36}},"406":{"start":{"line":407,"column":0},"end":{"line":407,"column":11}},"407":{"start":{"line":408,"column":0},"end":{"line":408,"column":180904}},"408":{"start":{"line":409,"column":0},"end":{"line":409,"column":18}},"409":{"start":{"line":410,"column":0},"end":{"line":410,"column":34}},"410":{"start":{"line":411,"column":0},"end":{"line":411,"column":48}},"411":{"start":{"line":412,"column":0},"end":{"line":412,"column":3}},"412":{"start":{"line":413,"column":0},"end":{"line":413,"column":24}},"413":{"start":{"line":414,"column":0},"end":{"line":414,"column":35}},"414":{"start":{"line":415,"column":0},"end":{"line":415,"column":33}},"415":{"start":{"line":416,"column":0},"end":{"line":416,"column":69}},"416":{"start":{"line":417,"column":0},"end":{"line":417,"column":33}},"417":{"start":{"line":418,"column":0},"end":{"line":418,"column":33}},"418":{"start":{"line":419,"column":0},"end":{"line":419,"column":35}},"419":{"start":{"line":420,"column":0},"end":{"line":420,"column":18}},"420":{"start":{"line":421,"column":0},"end":{"line":421,"column":17}},"421":{"start":{"line":422,"column":0},"end":{"line":422,"column":48}},"422":{"start":{"line":423,"column":0},"end":{"line":423,"column":97}},"423":{"start":{"line":424,"column":0},"end":{"line":424,"column":3}},"424":{"start":{"line":425,"column":0},"end":{"line":425,"column":2}},"425":{"start":{"line":426,"column":0},"end":{"line":426,"column":19}},"426":{"start":{"line":427,"column":0},"end":{"line":427,"column":41}},"427":{"start":{"line":428,"column":0},"end":{"line":428,"column":3}},"428":{"start":{"line":429,"column":0},"end":{"line":429,"column":2}},"429":{"start":{"line":430,"column":0},"end":{"line":430,"column":19}},"430":{"start":{"line":431,"column":0},"end":{"line":431,"column":48}},"431":{"start":{"line":432,"column":0},"end":{"line":432,"column":3}},"432":{"start":{"line":433,"column":0},"end":{"line":433,"column":2}},"433":{"start":{"line":434,"column":0},"end":{"line":434,"column":35}},"434":{"start":{"line":435,"column":0},"end":{"line":435,"column":27}},"435":{"start":{"line":436,"column":0},"end":{"line":436,"column":3}},"436":{"start":{"line":437,"column":0},"end":{"line":437,"column":2}},"437":{"start":{"line":438,"column":0},"end":{"line":438,"column":35}},"438":{"start":{"line":439,"column":0},"end":{"line":439,"column":34}},"439":{"start":{"line":440,"column":0},"end":{"line":440,"column":3}},"440":{"start":{"line":441,"column":0},"end":{"line":441,"column":2}},"441":{"start":{"line":442,"column":0},"end":{"line":442,"column":24}},"442":{"start":{"line":443,"column":0},"end":{"line":443,"column":36}},"443":{"start":{"line":444,"column":0},"end":{"line":444,"column":3}},"444":{"start":{"line":445,"column":0},"end":{"line":445,"column":2228}},"445":{"start":{"line":446,"column":0},"end":{"line":446,"column":59}},"446":{"start":{"line":447,"column":0},"end":{"line":447,"column":59}},"447":{"start":{"line":448,"column":0},"end":{"line":448,"column":38318}},"448":{"start":{"line":449,"column":0},"end":{"line":449,"column":0}},"449":{"start":{"line":450,"column":0},"end":{"line":450,"column":94}},"450":{"start":{"line":451,"column":0},"end":{"line":451,"column":0}},"451":{"start":{"line":452,"column":0},"end":{"line":452,"column":45602}}},"s":{"0":0,"1":0,"2":0,"3":0,"4":0,"5":0,"6":0,"7":0,"8":0,"9":0,"10":0,"11":0,"12":0,"13":0,"14":0,"15":0,"16":0,"17":0,"18":0,"19":0,"20":0,"21":0,"22":0,"23":0,"24":0,"25":0,"26":0,"27":0,"28":0,"29":0,"30":0,"31":0,"32":0,"33":0,"34":0,"35":0,"36":0,"37":0,"38":0,"39":0,"40":0,"41":0,"42":0,"43":0,"44":0,"45":0,"46":0,"47":0,"48":0,"49":0,"50":0,"51":0,"52":0,"53":0,"54":0,"55":0,"56":0,"57":0,"58":0,"59":0,"60":0,"61":0,"62":0,"63":0,"64":0,"65":0,"66":0,"67":0,"68":0,"69":0,"70":0,"71":0,"72":0,"73":0,"74":0,"75":0,"76":0,"77":0,"78":0,"79":0,"80":0,"81":0,"82":0,"83":0,"84":0,"85":0,"86":0,"87":0,"88":0,"89":0,"90":0,"91":0,"92":0,"93":0,"94":0,"95":0,"96":0,"97":0,"98":0,"99":0,"100":0,"101":0,"102":0,"103":0,"104":0,"105":0,"106":0,"107":0,"108":0,"109":0,"110":0,"111":0,"112":0,"113":0,"114":0,"115":0,"116":0,"117":0,"118":0,"119":0,"120":0,"121":0,"122":0,"123":0,"124":0,"125":0,"126":0,"127":0,"128":0,"129":0,"130":0,"131":0,"132":0,"133":0,"134":0,"135":0,"136":0,"137":0,"138":0,"139":0,"140":0,"141":0,"142":0,"143":0,"144":0,"145":0,"146":0,"147":0,"148":0,"149":0,"150":0,"151":0,"152":0,"153":0,"154":0,"155":0,"156":0,"157":0,"158":0,"159":0,"160":0,"161":0,"162":0,"163":0,"164":0,"165":0,"166":0,"167":0,"168":0,"169":0,"170":0,"171":0,"172":0,"173":0,"174":0,"175":0,"176":0,"177":0,"178":0,"179":0,"180":0,"181":0,"182":0,"183":0,"184":0,"185":0,"186":0,"187":0,"188":0,"189":0,"190":0,"191":0,"192":0,"193":0,"194":0,"195":0,"196":0,"197":0,"198":0,"199":0,"200":0,"201":0,"202":0,"203":0,"204":0,"205":0,"206":0,"207":0,"208":0,"209":0,"210":0,"211":0,"212":0,"213":0,"214":0,"215":0,"216":0,"217":0,"218":0,"219":0,"220":0,"221":0,"222":0,"223":0,"224":0,"225":0,"226":0,"227":0,"228":0,"229":0,"230":0,"231":0,"232":0,"233":0,"234":0,"235":0,"236":0,"237":0,"238":0,"239":0,"240":0,"241":0,"242":0,"243":0,"244":0,"245":0,"246":0,"247":0,"248":0,"249":0,"250":0,"251":0,"252":0,"253":0,"254":0,"255":0,"256":0,"257":0,"258":0,"259":0,"260":0,"261":0,"262":0,"263":0,"264":0,"265":0,"266":0,"267":0,"268":0,"269":0,"270":0,"271":0,"272":0,"273":0,"274":0,"275":0,"276":0,"277":0,"278":0,"279":0,"280":0,"281":0,"282":0,"283":0,"284":0,"285":0,"286":0,"287":0,"288":0,"289":0,"290":0,"291":0,"292":0,"293":0,"294":0,"295":0,"296":0,"297":0,"298":0,"299":0,"300":0,"301":0,"302":0,"303":0,"304":0,"305":0,"306":0,"307":0,"308":0,"309":0,"310":0,"311":0,"312":0,"313":0,"314":0,"315":0,"316":0,"317":0,"318":0,"319":0,"320":0,"321":0,"322":0,"323":0,"324":0,"325":0,"326":0,"327":0,"328":0,"329":0,"330":0,"331":0,"332":0,"333":0,"334":0,"335":0,"336":0,"337":0,"338":0,"339":0,"340":0,"341":0,"342":0,"343":0,"344":0,"345":0,"346":0,"347":0,"348":0,"349":0,"350":0,"351":0,"352":0,"353":0,"354":0,"355":0,"356":0,"357":0,"358":0,"359":0,"360":0,"361":0,"362":0,"363":0,"364":0,"365":0,"366":0,"367":0,"368":0,"369":0,"370":0,"371":0,"372":0,"373":0,"374":0,"375":0,"376":0,"377":0,"378":0,"379":0,"380":0,"381":0,"382":0,"383":0,"384":0,"385":0,"386":0,"387":0,"388":0,"389":0,"390":0,"391":0,"392":0,"393":0,"394":0,"395":0,"396":0,"397":0,"398":0,"399":0,"400":0,"401":0,"402":0,"403":0,"404":0,"405":0,"406":0,"407":0,"408":0,"409":0,"410":0,"411":0,"412":0,"413":0,"414":0,"415":0,"416":0,"417":0,"418":0,"419":0,"420":0,"421":0,"422":0,"423":0,"424":0,"425":0,"426":0,"427":0,"428":0,"429":0,"430":0,"431":0,"432":0,"433":0,"434":0,"435":0,"436":0,"437":0,"438":0,"439":0,"440":0,"441":0,"442":0,"443":0,"444":0,"445":0,"446":0,"447":0,"448":0,"449":0,"450":0,"451":0},"branchMap":{"0":{"type":"branch","line":1,"loc":{"start":{"line":1,"column":694061},"end":{"line":452,"column":45602}},"locations":[{"start":{"line":1,"column":694061},"end":{"line":452,"column":45602}}]}},"b":{"0":[0]},"fnMap":{"0":{"name":"(empty-report)","decl":{"start":{"line":1,"column":694061},"end":{"line":452,"column":45602}},"loc":{"start":{"line":1,"column":694061},"end":{"line":452,"column":45602}},"line":1}},"f":{"0":0}}
,"/Users/williamwhite/apps/william-ai-scribe/src/App.tsx": {"path":"/Users/williamwhite/apps/william-ai-scribe/src/App.tsx","all":true,"statementMap":{"0":{"start":{"line":1,"column":0},"end":{"line":1,"column":64}},"1":{"start":{"line":2,"column":0},"end":{"line":2,"column":34}},"2":{"start":{"line":3,"column":0},"end":{"line":3,"column":32}},"3":{"start":{"line":4,"column":0},"end":{"line":4,"column":34}},"4":{"start":{"line":5,"column":0},"end":{"line":5,"column":32}},"5":{"start":{"line":6,"column":0},"end":{"line":6,"column":50}},"6":{"start":{"line":7,"column":0},"end":{"line":7,"column":40}},"8":{"start":{"line":9,"column":0},"end":{"line":9,"column":19}},"9":{"start":{"line":10,"column":0},"end":{"line":10,"column":10}},"10":{"start":{"line":11,"column":0},"end":{"line":11,"column":19}},"11":{"start":{"line":12,"column":0},"end":{"line":12,"column":14}},"12":{"start":{"line":13,"column":0},"end":{"line":13,"column":46}},"13":{"start":{"line":14,"column":0},"end":{"line":14,"column":49}},"14":{"start":{"line":15,"column":0},"end":{"line":15,"column":51}},"15":{"start":{"line":16,"column":0},"end":{"line":16,"column":49}},"16":{"start":{"line":17,"column":0},"end":{"line":17,"column":67}},"17":{"start":{"line":18,"column":0},"end":{"line":18,"column":49}},"21":{"start":{"line":22,"column":0},"end":{"line":22,"column":2}},"23":{"start":{"line":24,"column":0},"end":{"line":24,"column":19}}},"s":{"0":0,"1":0,"2":0,"3":0,"4":0,"5":0,"6":0,"8":0,"9":0,"10":0,"11":0,"12":0,"13":0,"14":0,"15":0,"16":0,"17":0,"21":0,"23":0},"branchMap":{"0":{"type":"branch","line":1,"loc":{"start":{"line":1,"column":742},"end":{"line":24,"column":19}},"locations":[{"start":{"line":1,"column":742},"end":{"line":24,"column":19}}]}},"b":{"0":[0]},"fnMap":{"0":{"name":"(empty-report)","decl":{"start":{"line":1,"column":742},"end":{"line":24,"column":19}},"loc":{"start":{"line":1,"column":742},"end":{"line":24,"column":19}},"line":1}},"f":{"0":0}}
,"/Users/williamwhite/apps/william-ai-scribe/src/components/ActionCards.tsx": {"path":"/Users/williamwhite/apps/william-ai-scribe/src/components/ActionCards.tsx","all":true,"statementMap":{"0":{"start":{"line":1,"column":0},"end":{"line":1,"column":44}},"43":{"start":{"line":44,"column":0},"end":{"line":44,"column":24}},"44":{"start":{"line":45,"column":0},"end":{"line":45,"column":9}},"45":{"start":{"line":46,"column":0},"end":{"line":46,"column":26}},"46":{"start":{"line":47,"column":0},"end":{"line":47,"column":29}},"47":{"start":{"line":48,"column":0},"end":{"line":48,"column":37}},"48":{"start":{"line":49,"column":0},"end":{"line":49,"column":15}},"49":{"start":{"line":50,"column":0},"end":{"line":50,"column":26}},"50":{"start":{"line":51,"column":0},"end":{"line":51,"column":4}},"51":{"start":{"line":52,"column":0},"end":{"line":52,"column":11}},"52":{"start":{"line":53,"column":0},"end":{"line":53,"column":28}},"53":{"start":{"line":54,"column":0},"end":{"line":54,"column":31}},"54":{"start":{"line":55,"column":0},"end":{"line":55,"column":39}},"55":{"start":{"line":56,"column":0},"end":{"line":56,"column":22}},"56":{"start":{"line":57,"column":0},"end":{"line":57,"column":28}},"57":{"start":{"line":58,"column":0},"end":{"line":58,"column":4}},"58":{"start":{"line":59,"column":0},"end":{"line":59,"column":8}},"59":{"start":{"line":60,"column":0},"end":{"line":60,"column":27}},"60":{"start":{"line":61,"column":0},"end":{"line":61,"column":30}},"61":{"start":{"line":62,"column":0},"end":{"line":62,"column":38}},"62":{"start":{"line":63,"column":0},"end":{"line":63,"column":17}},"63":{"start":{"line":64,"column":0},"end":{"line":64,"column":25}},"64":{"start":{"line":65,"column":0},"end":{"line":65,"column":3}},"65":{"start":{"line":66,"column":0},"end":{"line":66,"column":2}},"67":{"start":{"line":68,"column":0},"end":{"line":68,"column":21}},"68":{"start":{"line":69,"column":0},"end":{"line":69,"column":8}},"69":{"start":{"line":70,"column":0},"end":{"line":70,"column":15}},"70":{"start":{"line":71,"column":0},"end":{"line":71,"column":17}},"71":{"start":{"line":72,"column":0},"end":{"line":72,"column":25}},"72":{"start":{"line":73,"column":0},"end":{"line":73,"column":4}},"73":{"start":{"line":74,"column":0},"end":{"line":74,"column":10}},"74":{"start":{"line":75,"column":0},"end":{"line":75,"column":14}},"75":{"start":{"line":76,"column":0},"end":{"line":76,"column":24}},"76":{"start":{"line":77,"column":0},"end":{"line":77,"column":28}},"77":{"start":{"line":78,"column":0},"end":{"line":78,"column":4}},"78":{"start":{"line":79,"column":0},"end":{"line":79,"column":13}},"79":{"start":{"line":80,"column":0},"end":{"line":80,"column":17}},"80":{"start":{"line":81,"column":0},"end":{"line":81,"column":22}},"81":{"start":{"line":82,"column":0},"end":{"line":82,"column":27}},"82":{"start":{"line":83,"column":0},"end":{"line":83,"column":3}},"83":{"start":{"line":84,"column":0},"end":{"line":84,"column":2}},"85":{"start":{"line":86,"column":0},"end":{"line":86,"column":29}},"86":{"start":{"line":87,"column":0},"end":{"line":87,"column":10}},"87":{"start":{"line":88,"column":0},"end":{"line":88,"column":13}},"88":{"start":{"line":89,"column":0},"end":{"line":89,"column":13}},"89":{"start":{"line":90,"column":0},"end":{"line":90,"column":13}},"90":{"start":{"line":91,"column":0},"end":{"line":91,"column":12}},"91":{"start":{"line":92,"column":0},"end":{"line":92,"column":21}},"92":{"start":{"line":93,"column":0},"end":{"line":93,"column":22}},"93":{"start":{"line":94,"column":0},"end":{"line":94,"column":73}},"94":{"start":{"line":95,"column":0},"end":{"line":95,"column":80}},"95":{"start":{"line":96,"column":0},"end":{"line":96,"column":74}},"97":{"start":{"line":98,"column":0},"end":{"line":98,"column":19}},"98":{"start":{"line":99,"column":0},"end":{"line":99,"column":38}},"99":{"start":{"line":100,"column":0},"end":{"line":100,"column":38}},"100":{"start":{"line":101,"column":0},"end":{"line":101,"column":51}},"103":{"start":{"line":104,"column":0},"end":{"line":104,"column":43}},"104":{"start":{"line":105,"column":0},"end":{"line":105,"column":24}},"105":{"start":{"line":106,"column":0},"end":{"line":106,"column":48}},"106":{"start":{"line":107,"column":0},"end":{"line":107,"column":36}},"107":{"start":{"line":108,"column":0},"end":{"line":108,"column":58}},"108":{"start":{"line":109,"column":0},"end":{"line":109,"column":9}},"109":{"start":{"line":110,"column":0},"end":{"line":110,"column":53}},"110":{"start":{"line":111,"column":0},"end":{"line":111,"column":22}},"111":{"start":{"line":112,"column":0},"end":{"line":112,"column":7}},"112":{"start":{"line":113,"column":0},"end":{"line":113,"column":16}},"114":{"start":{"line":115,"column":0},"end":{"line":115,"column":42}},"115":{"start":{"line":116,"column":0},"end":{"line":116,"column":25}},"116":{"start":{"line":117,"column":0},"end":{"line":117,"column":19}},"118":{"start":{"line":119,"column":0},"end":{"line":119,"column":28}},"119":{"start":{"line":120,"column":0},"end":{"line":120,"column":22}},"120":{"start":{"line":121,"column":0},"end":{"line":121,"column":29}},"121":{"start":{"line":122,"column":0},"end":{"line":122,"column":53}},"122":{"start":{"line":123,"column":0},"end":{"line":123,"column":13}},"123":{"start":{"line":124,"column":0},"end":{"line":124,"column":4}},"125":{"start":{"line":126,"column":0},"end":{"line":126,"column":48}},"126":{"start":{"line":127,"column":0},"end":{"line":127,"column":29}},"127":{"start":{"line":128,"column":0},"end":{"line":128,"column":34}},"128":{"start":{"line":129,"column":0},"end":{"line":129,"column":91}},"130":{"start":{"line":131,"column":0},"end":{"line":131,"column":56}},"131":{"start":{"line":132,"column":0},"end":{"line":132,"column":64}},"132":{"start":{"line":133,"column":0},"end":{"line":133,"column":61}},"133":{"start":{"line":134,"column":0},"end":{"line":134,"column":39}},"134":{"start":{"line":135,"column":0},"end":{"line":135,"column":4}},"136":{"start":{"line":137,"column":0},"end":{"line":137,"column":66}},"137":{"start":{"line":138,"column":0},"end":{"line":138,"column":67}},"139":{"start":{"line":140,"column":0},"end":{"line":140,"column":10}},"140":{"start":{"line":141,"column":0},"end":{"line":141,"column":6}},"142":{"start":{"line":143,"column":0},"end":{"line":143,"column":23}},"143":{"start":{"line":144,"column":0},"end":{"line":144,"column":28}},"144":{"start":{"line":145,"column":0},"end":{"line":145,"column":21}},"145":{"start":{"line":146,"column":0},"end":{"line":146,"column":56}},"146":{"start":{"line":147,"column":0},"end":{"line":147,"column":53}},"147":{"start":{"line":148,"column":0},"end":{"line":148,"column":53}},"148":{"start":{"line":149,"column":0},"end":{"line":149,"column":50}},"150":{"start":{"line":151,"column":0},"end":{"line":151,"column":93}},"151":{"start":{"line":152,"column":0},"end":{"line":152,"column":55}},"152":{"start":{"line":153,"column":0},"end":{"line":153,"column":64}},"153":{"start":{"line":154,"column":0},"end":{"line":154,"column":63}},"155":{"start":{"line":156,"column":0},"end":{"line":156,"column":21}},"156":{"start":{"line":157,"column":0},"end":{"line":157,"column":75}},"157":{"start":{"line":158,"column":0},"end":{"line":158,"column":88}},"166":{"start":{"line":167,"column":0},"end":{"line":167,"column":50}},"168":{"start":{"line":169,"column":0},"end":{"line":169,"column":59}},"169":{"start":{"line":170,"column":0},"end":{"line":170,"column":51}},"170":{"start":{"line":171,"column":0},"end":{"line":171,"column":55}},"171":{"start":{"line":172,"column":0},"end":{"line":172,"column":67}},"172":{"start":{"line":173,"column":0},"end":{"line":173,"column":59}},"173":{"start":{"line":174,"column":0},"end":{"line":174,"column":45}},"176":{"start":{"line":177,"column":0},"end":{"line":177,"column":43}},"177":{"start":{"line":178,"column":0},"end":{"line":178,"column":72}},"178":{"start":{"line":179,"column":0},"end":{"line":179,"column":53}},"179":{"start":{"line":180,"column":0},"end":{"line":180,"column":49}},"185":{"start":{"line":186,"column":0},"end":{"line":186,"column":35}},"186":{"start":{"line":187,"column":0},"end":{"line":187,"column":27}},"187":{"start":{"line":188,"column":0},"end":{"line":188,"column":45}},"188":{"start":{"line":189,"column":0},"end":{"line":189,"column":63}},"189":{"start":{"line":190,"column":0},"end":{"line":190,"column":54}},"190":{"start":{"line":191,"column":0},"end":{"line":191,"column":43}},"191":{"start":{"line":192,"column":0},"end":{"line":192,"column":49}},"192":{"start":{"line":193,"column":0},"end":{"line":193,"column":64}},"194":{"start":{"line":195,"column":0},"end":{"line":195,"column":22}},"195":{"start":{"line":196,"column":0},"end":{"line":196,"column":27}},"196":{"start":{"line":197,"column":0},"end":{"line":197,"column":33}},"197":{"start":{"line":198,"column":0},"end":{"line":198,"column":24}},"198":{"start":{"line":199,"column":0},"end":{"line":199,"column":50}},"199":{"start":{"line":200,"column":0},"end":{"line":200,"column":29}},"200":{"start":{"line":201,"column":0},"end":{"line":201,"column":32}},"201":{"start":{"line":202,"column":0},"end":{"line":202,"column":25}},"202":{"start":{"line":203,"column":0},"end":{"line":203,"column":59}},"203":{"start":{"line":204,"column":0},"end":{"line":204,"column":20}},"204":{"start":{"line":205,"column":0},"end":{"line":205,"column":46}},"205":{"start":{"line":206,"column":0},"end":{"line":206,"column":48}},"207":{"start":{"line":208,"column":0},"end":{"line":208,"column":38}},"208":{"start":{"line":209,"column":0},"end":{"line":209,"column":70}},"209":{"start":{"line":210,"column":0},"end":{"line":210,"column":41}},"210":{"start":{"line":211,"column":0},"end":{"line":211,"column":29}},"211":{"start":{"line":212,"column":0},"end":{"line":212,"column":74}},"213":{"start":{"line":214,"column":0},"end":{"line":214,"column":60}},"215":{"start":{"line":216,"column":0},"end":{"line":216,"column":29}},"216":{"start":{"line":217,"column":0},"end":{"line":217,"column":39}},"217":{"start":{"line":218,"column":0},"end":{"line":218,"column":33}},"218":{"start":{"line":219,"column":0},"end":{"line":219,"column":46}},"219":{"start":{"line":220,"column":0},"end":{"line":220,"column":65}},"221":{"start":{"line":222,"column":0},"end":{"line":222,"column":42}},"222":{"start":{"line":223,"column":0},"end":{"line":223,"column":37}},"223":{"start":{"line":224,"column":0},"end":{"line":224,"column":73}},"224":{"start":{"line":225,"column":0},"end":{"line":225,"column":58}},"226":{"start":{"line":227,"column":0},"end":{"line":227,"column":79}},"229":{"start":{"line":230,"column":0},"end":{"line":230,"column":97}},"234":{"start":{"line":235,"column":0},"end":{"line":235,"column":54}},"235":{"start":{"line":236,"column":0},"end":{"line":236,"column":76}},"238":{"start":{"line":239,"column":0},"end":{"line":239,"column":80}},"240":{"start":{"line":241,"column":0},"end":{"line":241,"column":71}},"241":{"start":{"line":242,"column":0},"end":{"line":242,"column":85}},"242":{"start":{"line":243,"column":0},"end":{"line":243,"column":41}},"246":{"start":{"line":247,"column":0},"end":{"line":247,"column":93}},"247":{"start":{"line":248,"column":0},"end":{"line":248,"column":69}},"248":{"start":{"line":249,"column":0},"end":{"line":249,"column":44}},"252":{"start":{"line":253,"column":0},"end":{"line":253,"column":46}},"253":{"start":{"line":254,"column":0},"end":{"line":254,"column":94}},"254":{"start":{"line":255,"column":0},"end":{"line":255,"column":67}},"255":{"start":{"line":256,"column":0},"end":{"line":256,"column":77}},"260":{"start":{"line":261,"column":0},"end":{"line":261,"column":47}},"261":{"start":{"line":262,"column":0},"end":{"line":262,"column":75}},"262":{"start":{"line":263,"column":0},"end":{"line":263,"column":47}},"268":{"start":{"line":269,"column":0},"end":{"line":269,"column":70}},"269":{"start":{"line":270,"column":0},"end":{"line":270,"column":33}},"270":{"start":{"line":271,"column":0},"end":{"line":271,"column":43}},"271":{"start":{"line":272,"column":0},"end":{"line":272,"column":37}},"272":{"start":{"line":273,"column":0},"end":{"line":273,"column":51}},"273":{"start":{"line":274,"column":0},"end":{"line":274,"column":44}},"274":{"start":{"line":275,"column":0},"end":{"line":275,"column":58}},"275":{"start":{"line":276,"column":0},"end":{"line":276,"column":71}},"276":{"start":{"line":277,"column":0},"end":{"line":277,"column":76}},"277":{"start":{"line":278,"column":0},"end":{"line":278,"column":30}},"279":{"start":{"line":280,"column":0},"end":{"line":280,"column":62}},"282":{"start":{"line":283,"column":0},"end":{"line":283,"column":33}},"283":{"start":{"line":284,"column":0},"end":{"line":284,"column":43}},"284":{"start":{"line":285,"column":0},"end":{"line":285,"column":37}},"285":{"start":{"line":286,"column":0},"end":{"line":286,"column":51}},"286":{"start":{"line":287,"column":0},"end":{"line":287,"column":74}},"288":{"start":{"line":289,"column":0},"end":{"line":289,"column":67}},"296":{"start":{"line":297,"column":0},"end":{"line":297,"column":39}},"297":{"start":{"line":298,"column":0},"end":{"line":298,"column":33}},"298":{"start":{"line":299,"column":0},"end":{"line":299,"column":72}},"299":{"start":{"line":300,"column":0},"end":{"line":300,"column":48}},"300":{"start":{"line":301,"column":0},"end":{"line":301,"column":48}},"301":{"start":{"line":302,"column":0},"end":{"line":302,"column":54}},"303":{"start":{"line":304,"column":0},"end":{"line":304,"column":54}},"304":{"start":{"line":305,"column":0},"end":{"line":305,"column":37}},"305":{"start":{"line":306,"column":0},"end":{"line":306,"column":35}},"306":{"start":{"line":307,"column":0},"end":{"line":307,"column":48}},"307":{"start":{"line":308,"column":0},"end":{"line":308,"column":39}},"308":{"start":{"line":309,"column":0},"end":{"line":309,"column":40}},"309":{"start":{"line":310,"column":0},"end":{"line":310,"column":39}},"310":{"start":{"line":311,"column":0},"end":{"line":311,"column":38}},"311":{"start":{"line":312,"column":0},"end":{"line":312,"column":30}},"312":{"start":{"line":313,"column":0},"end":{"line":313,"column":39}},"313":{"start":{"line":314,"column":0},"end":{"line":314,"column":72}},"314":{"start":{"line":315,"column":0},"end":{"line":315,"column":72}},"315":{"start":{"line":316,"column":0},"end":{"line":316,"column":46}},"316":{"start":{"line":317,"column":0},"end":{"line":317,"column":30}},"317":{"start":{"line":318,"column":0},"end":{"line":318,"column":72}},"319":{"start":{"line":320,"column":0},"end":{"line":320,"column":76}},"327":{"start":{"line":328,"column":0},"end":{"line":328,"column":15}},"332":{"start":{"line":333,"column":0},"end":{"line":333,"column":41}},"333":{"start":{"line":334,"column":0},"end":{"line":334,"column":37}},"334":{"start":{"line":335,"column":0},"end":{"line":335,"column":100}},"335":{"start":{"line":336,"column":0},"end":{"line":336,"column":56}},"337":{"start":{"line":338,"column":0},"end":{"line":338,"column":55}},"338":{"start":{"line":339,"column":0},"end":{"line":339,"column":49}},"339":{"start":{"line":340,"column":0},"end":{"line":340,"column":66}},"340":{"start":{"line":341,"column":0},"end":{"line":341,"column":59}},"341":{"start":{"line":342,"column":0},"end":{"line":342,"column":71}},"342":{"start":{"line":343,"column":0},"end":{"line":343,"column":78}},"343":{"start":{"line":344,"column":0},"end":{"line":344,"column":35}},"353":{"start":{"line":354,"column":0},"end":{"line":354,"column":41}},"354":{"start":{"line":355,"column":0},"end":{"line":355,"column":58}},"355":{"start":{"line":356,"column":0},"end":{"line":356,"column":82}},"356":{"start":{"line":357,"column":0},"end":{"line":357,"column":57}},"364":{"start":{"line":365,"column":0},"end":{"line":365,"column":1}}},"s":{"0":0,"43":0,"44":0,"45":0,"46":0,"47":0,"48":0,"49":0,"50":0,"51":0,"52":0,"53":0,"54":0,"55":0,"56":0,"57":0,"58":0,"59":0,"60":0,"61":0,"62":0,"63":0,"64":0,"65":0,"67":0,"68":0,"69":0,"70":0,"71":0,"72":0,"73":0,"74":0,"75":0,"76":0,"77":0,"78":0,"79":0,"80":0,"81":0,"82":0,"83":0,"85":0,"86":0,"87":0,"88":0,"89":0,"90":0,"91":0,"92":0,"93":0,"94":0,"95":0,"97":0,"98":0,"99":0,"100":0,"103":0,"104":0,"105":0,"106":0,"107":0,"108":0,"109":0,"110":0,"111":0,"112":0,"114":0,"115":0,"116":0,"118":0,"119":0,"120":0,"121":0,"122":0,"123":0,"125":0,"126":0,"127":0,"128":0,"130":0,"131":0,"132":0,"133":0,"134":0,"136":0,"137":0,"139":0,"140":0,"142":0,"143":0,"144":0,"145":0,"146":0,"147":0,"148":0,"150":0,"151":0,"152":0,"153":0,"155":0,"156":0,"157":0,"166":0,"168":0,"169":0,"170":0,"171":0,"172":0,"173":0,"176":0,"177":0,"178":0,"179":0,"185":0,"186":0,"187":0,"188":0,"189":0,"190":0,"191":0,"192":0,"194":0,"195":0,"196":0,"197":0,"198":0,"199":0,"200":0,"201":0,"202":0,"203":0,"204":0,"205":0,"207":0,"208":0,"209":0,"210":0,"211":0,"213":0,"215":0,"216":0,"217":0,"218":0,"219":0,"221":0,"222":0,"223":0,"224":0,"226":0,"229":0,"234":0,"235":0,"238":0,"240":0,"241":0,"242":0,"246":0,"247":0,"248":0,"252":0,"253":0,"254":0,"255":0,"260":0,"261":0,"262":0,"268":0,"269":0,"270":0,"271":0,"272":0,"273":0,"274":0,"275":0,"276":0,"277":0,"279":0,"282":0,"283":0,"284":0,"285":0,"286":0,"288":0,"296":0,"297":0,"298":0,"299":0,"300":0,"301":0,"303":0,"304":0,"305":0,"306":0,"307":0,"308":0,"309":0,"310":0,"311":0,"312":0,"313":0,"314":0,"315":0,"316":0,"317":0,"319":0,"327":0,"332":0,"333":0,"334":0,"335":0,"337":0,"338":0,"339":0,"340":0,"341":0,"342":0,"343":0,"353":0,"354":0,"355":0,"356":0,"364":0},"branchMap":{"0":{"type":"branch","line":1,"loc":{"start":{"line":1,"column":12780},"end":{"line":365,"column":1}},"locations":[{"start":{"line":1,"column":12780},"end":{"line":365,"column":1}}]}},"b":{"0":[0]},"fnMap":{"0":{"name":"(empty-report)","decl":{"start":{"line":1,"column":12780},"end":{"line":365,"column":1}},"loc":{"start":{"line":1,"column":12780},"end":{"line":365,"column":1}},"line":1}},"f":{"0":0}}
,"/Users/williamwhite/apps/william-ai-scribe/src/components/AuthGuard.tsx": {"path":"/Users/williamwhite/apps/william-ai-scribe/src/components/AuthGuard.tsx","all":true,"statementMap":{"0":{"start":{"line":1,"column":0},"end":{"line":1,"column":44}},"15":{"start":{"line":16,"column":0},"end":{"line":16,"column":84}},"16":{"start":{"line":17,"column":0},"end":{"line":17,"column":79}},"17":{"start":{"line":18,"column":0},"end":{"line":18,"column":64}},"18":{"start":{"line":19,"column":0},"end":{"line":19,"column":41}},"19":{"start":{"line":20,"column":0},"end":{"line":20,"column":47}},"20":{"start":{"line":21,"column":0},"end":{"line":21,"column":52}},"21":{"start":{"line":22,"column":0},"end":{"line":22,"column":41}},"22":{"start":{"line":23,"column":0},"end":{"line":23,"column":33}},"24":{"start":{"line":25,"column":0},"end":{"line":25,"column":19}},"25":{"start":{"line":26,"column":0},"end":{"line":26,"column":35}},"26":{"start":{"line":27,"column":0},"end":{"line":27,"column":11}},"27":{"start":{"line":28,"column":0},"end":{"line":28,"column":71}},"29":{"start":{"line":30,"column":0},"end":{"line":30,"column":28}},"30":{"start":{"line":31,"column":0},"end":{"line":31,"column":28}},"31":{"start":{"line":32,"column":0},"end":{"line":32,"column":50}},"32":{"start":{"line":33,"column":0},"end":{"line":33,"column":29}},"33":{"start":{"line":34,"column":0},"end":{"line":34,"column":27}},"34":{"start":{"line":35,"column":0},"end":{"line":35,"column":38}},"35":{"start":{"line":36,"column":0},"end":{"line":36,"column":22}},"37":{"start":{"line":38,"column":0},"end":{"line":38,"column":49}},"38":{"start":{"line":39,"column":0},"end":{"line":39,"column":35}},"39":{"start":{"line":40,"column":0},"end":{"line":40,"column":16}},"40":{"start":{"line":41,"column":0},"end":{"line":41,"column":36}},"41":{"start":{"line":42,"column":0},"end":{"line":42,"column":9}},"42":{"start":{"line":43,"column":0},"end":{"line":43,"column":23}},"43":{"start":{"line":44,"column":0},"end":{"line":44,"column":51}},"44":{"start":{"line":45,"column":0},"end":{"line":45,"column":34}},"45":{"start":{"line":46,"column":0},"end":{"line":46,"column":7}},"46":{"start":{"line":47,"column":0},"end":{"line":47,"column":6}},"48":{"start":{"line":49,"column":0},"end":{"line":49,"column":16}},"50":{"start":{"line":51,"column":0},"end":{"line":51,"column":98}},"51":{"start":{"line":52,"column":0},"end":{"line":52,"column":26}},"52":{"start":{"line":53,"column":0},"end":{"line":53,"column":48}},"53":{"start":{"line":54,"column":0},"end":{"line":54,"column":27}},"54":{"start":{"line":55,"column":0},"end":{"line":55,"column":25}},"55":{"start":{"line":56,"column":0},"end":{"line":56,"column":36}},"56":{"start":{"line":57,"column":0},"end":{"line":57,"column":20}},"58":{"start":{"line":59,"column":0},"end":{"line":59,"column":47}},"59":{"start":{"line":60,"column":0},"end":{"line":60,"column":33}},"60":{"start":{"line":61,"column":0},"end":{"line":61,"column":14}},"61":{"start":{"line":62,"column":0},"end":{"line":62,"column":34}},"62":{"start":{"line":63,"column":0},"end":{"line":63,"column":26}},"63":{"start":{"line":64,"column":0},"end":{"line":64,"column":7}},"64":{"start":{"line":65,"column":0},"end":{"line":65,"column":7}},"66":{"start":{"line":67,"column":0},"end":{"line":67,"column":44}},"67":{"start":{"line":68,"column":0},"end":{"line":68,"column":9}},"69":{"start":{"line":70,"column":0},"end":{"line":70,"column":53}},"70":{"start":{"line":71,"column":0},"end":{"line":71,"column":23}},"71":{"start":{"line":72,"column":0},"end":{"line":72,"column":23}},"72":{"start":{"line":73,"column":0},"end":{"line":73,"column":17}},"74":{"start":{"line":75,"column":0},"end":{"line":75,"column":9}},"75":{"start":{"line":76,"column":0},"end":{"line":76,"column":64}},"76":{"start":{"line":77,"column":0},"end":{"line":77,"column":14}},"77":{"start":{"line":78,"column":0},"end":{"line":78,"column":17}},"78":{"start":{"line":79,"column":0},"end":{"line":79,"column":9}},"80":{"start":{"line":81,"column":0},"end":{"line":81,"column":18}},"81":{"start":{"line":82,"column":0},"end":{"line":82,"column":32}},"82":{"start":{"line":83,"column":0},"end":{"line":83,"column":7}},"83":{"start":{"line":84,"column":0},"end":{"line":84,"column":21}},"84":{"start":{"line":85,"column":0},"end":{"line":85,"column":40}},"85":{"start":{"line":86,"column":0},"end":{"line":86,"column":15}},"86":{"start":{"line":87,"column":0},"end":{"line":87,"column":26}},"87":{"start":{"line":88,"column":0},"end":{"line":88,"column":5}},"88":{"start":{"line":89,"column":0},"end":{"line":89,"column":4}},"90":{"start":{"line":91,"column":0},"end":{"line":91,"column":36}},"91":{"start":{"line":92,"column":0},"end":{"line":92,"column":34}},"92":{"start":{"line":93,"column":0},"end":{"line":93,"column":18}},"93":{"start":{"line":94,"column":0},"end":{"line":94,"column":4}},"95":{"start":{"line":96,"column":0},"end":{"line":96,"column":18}},"96":{"start":{"line":97,"column":0},"end":{"line":97,"column":33}},"97":{"start":{"line":98,"column":0},"end":{"line":98,"column":12}},"98":{"start":{"line":99,"column":0},"end":{"line":99,"column":69}},"99":{"start":{"line":100,"column":0},"end":{"line":100,"column":93}},"102":{"start":{"line":103,"column":0},"end":{"line":103,"column":3}},"104":{"start":{"line":105,"column":0},"end":{"line":105,"column":46}},"105":{"start":{"line":106,"column":0},"end":{"line":106,"column":25}},"106":{"start":{"line":107,"column":0},"end":{"line":107,"column":22}},"107":{"start":{"line":108,"column":0},"end":{"line":108,"column":12}},"108":{"start":{"line":109,"column":0},"end":{"line":109,"column":69}},"109":{"start":{"line":110,"column":0},"end":{"line":110,"column":93}},"112":{"start":{"line":113,"column":0},"end":{"line":113,"column":3}},"114":{"start":{"line":115,"column":0},"end":{"line":115,"column":29}},"115":{"start":{"line":116,"column":0},"end":{"line":116,"column":53}},"116":{"start":{"line":117,"column":0},"end":{"line":117,"column":50}},"117":{"start":{"line":118,"column":0},"end":{"line":118,"column":25}},"119":{"start":{"line":120,"column":0},"end":{"line":120,"column":25}},"120":{"start":{"line":121,"column":0},"end":{"line":121,"column":12}},"121":{"start":{"line":122,"column":0},"end":{"line":122,"column":87}},"122":{"start":{"line":123,"column":0},"end":{"line":123,"column":42}},"123":{"start":{"line":124,"column":0},"end":{"line":124,"column":40}},"124":{"start":{"line":125,"column":0},"end":{"line":125,"column":41}},"125":{"start":{"line":126,"column":0},"end":{"line":126,"column":81}},"126":{"start":{"line":127,"column":0},"end":{"line":127,"column":72}},"127":{"start":{"line":128,"column":0},"end":{"line":128,"column":56}},"130":{"start":{"line":131,"column":0},"end":{"line":131,"column":64}},"131":{"start":{"line":132,"column":0},"end":{"line":132,"column":77}},"134":{"start":{"line":135,"column":0},"end":{"line":135,"column":41}},"135":{"start":{"line":136,"column":0},"end":{"line":136,"column":84}},"138":{"start":{"line":139,"column":0},"end":{"line":139,"column":24}},"139":{"start":{"line":140,"column":0},"end":{"line":140,"column":34}},"140":{"start":{"line":141,"column":0},"end":{"line":141,"column":47}},"141":{"start":{"line":142,"column":0},"end":{"line":142,"column":36}},"142":{"start":{"line":143,"column":0},"end":{"line":143,"column":17}},"151":{"start":{"line":152,"column":0},"end":{"line":152,"column":3}},"153":{"start":{"line":154,"column":0},"end":{"line":154,"column":33}},"154":{"start":{"line":155,"column":0},"end":{"line":155,"column":25}},"155":{"start":{"line":156,"column":0},"end":{"line":156,"column":2}}},"s":{"0":0,"15":0,"16":0,"17":0,"18":0,"19":0,"20":0,"21":0,"22":0,"24":0,"25":0,"26":0,"27":0,"29":0,"30":0,"31":0,"32":0,"33":0,"34":0,"35":0,"37":0,"38":0,"39":0,"40":0,"41":0,"42":0,"43":0,"44":0,"45":0,"46":0,"48":0,"50":0,"51":0,"52":0,"53":0,"54":0,"55":0,"56":0,"58":0,"59":0,"60":0,"61":0,"62":0,"63":0,"64":0,"66":0,"67":0,"69":0,"70":0,"71":0,"72":0,"74":0,"75":0,"76":0,"77":0,"78":0,"80":0,"81":0,"82":0,"83":0,"84":0,"85":0,"86":0,"87":0,"88":0,"90":0,"91":0,"92":0,"93":0,"95":0,"96":0,"97":0,"98":0,"99":0,"102":0,"104":0,"105":0,"106":0,"107":0,"108":0,"109":0,"112":0,"114":0,"115":0,"116":0,"117":0,"119":0,"120":0,"121":0,"122":0,"123":0,"124":0,"125":0,"126":0,"127":0,"130":0,"131":0,"134":0,"135":0,"138":0,"139":0,"140":0,"141":0,"142":0,"151":0,"153":0,"154":0,"155":0},"branchMap":{"0":{"type":"branch","line":1,"loc":{"start":{"line":1,"column":4766},"end":{"line":156,"column":2}},"locations":[{"start":{"line":1,"column":4766},"end":{"line":156,"column":2}}]}},"b":{"0":[0]},"fnMap":{"0":{"name":"(empty-report)","decl":{"start":{"line":1,"column":4766},"end":{"line":156,"column":2}},"loc":{"start":{"line":1,"column":4766},"end":{"line":156,"column":2}},"line":1}},"f":{"0":0}}
,"/Users/williamwhite/apps/william-ai-scribe/src/components/ConversationInsights.tsx": {"path":"/Users/williamwhite/apps/william-ai-scribe/src/components/ConversationInsights.tsx","all":true,"statementMap":{"0":{"start":{"line":1,"column":0},"end":{"line":1,"column":33}},"27":{"start":{"line":28,"column":0},"end":{"line":28,"column":39}},"28":{"start":{"line":29,"column":0},"end":{"line":29,"column":11}},"29":{"start":{"line":30,"column":0},"end":{"line":30,"column":13}},"30":{"start":{"line":31,"column":0},"end":{"line":31,"column":17}},"31":{"start":{"line":32,"column":0},"end":{"line":32,"column":20}},"32":{"start":{"line":33,"column":0},"end":{"line":33,"column":31}},"33":{"start":{"line":34,"column":0},"end":{"line":34,"column":46}},"35":{"start":{"line":36,"column":0},"end":{"line":36,"column":54}},"36":{"start":{"line":37,"column":0},"end":{"line":37,"column":16}},"37":{"start":{"line":38,"column":0},"end":{"line":38,"column":3}},"39":{"start":{"line":40,"column":0},"end":{"line":40,"column":46}},"40":{"start":{"line":41,"column":0},"end":{"line":41,"column":43}},"42":{"start":{"line":43,"column":0},"end":{"line":43,"column":10}},"43":{"start":{"line":44,"column":0},"end":{"line":44,"column":95}},"44":{"start":{"line":45,"column":0},"end":{"line":45,"column":82}},"45":{"start":{"line":46,"column":0},"end":{"line":46,"column":60}},"46":{"start":{"line":47,"column":0},"end":{"line":47,"column":38}},"47":{"start":{"line":48,"column":0},"end":{"line":48,"column":105}},"48":{"start":{"line":49,"column":0},"end":{"line":49,"column":65}},"49":{"start":{"line":50,"column":0},"end":{"line":50,"column":57}},"50":{"start":{"line":51,"column":0},"end":{"line":51,"column":60}},"51":{"start":{"line":52,"column":0},"end":{"line":52,"column":82}},"52":{"start":{"line":53,"column":0},"end":{"line":53,"column":37}},"53":{"start":{"line":54,"column":0},"end":{"line":54,"column":89}},"54":{"start":{"line":55,"column":0},"end":{"line":55,"column":37}},"58":{"start":{"line":59,"column":0},"end":{"line":59,"column":57}},"59":{"start":{"line":60,"column":0},"end":{"line":60,"column":90}},"60":{"start":{"line":61,"column":0},"end":{"line":61,"column":93}},"61":{"start":{"line":62,"column":0},"end":{"line":62,"column":88}},"62":{"start":{"line":63,"column":0},"end":{"line":63,"column":29}},"63":{"start":{"line":64,"column":0},"end":{"line":64,"column":75}},"65":{"start":{"line":66,"column":0},"end":{"line":66,"column":77}},"71":{"start":{"line":72,"column":0},"end":{"line":72,"column":27}},"72":{"start":{"line":73,"column":0},"end":{"line":73,"column":87}},"73":{"start":{"line":74,"column":0},"end":{"line":74,"column":37}},"74":{"start":{"line":75,"column":0},"end":{"line":75,"column":62}},"75":{"start":{"line":76,"column":0},"end":{"line":76,"column":52}},"76":{"start":{"line":77,"column":0},"end":{"line":77,"column":55}},"79":{"start":{"line":80,"column":0},"end":{"line":80,"column":41}},"80":{"start":{"line":81,"column":0},"end":{"line":81,"column":62}},"81":{"start":{"line":82,"column":0},"end":{"line":82,"column":54}},"82":{"start":{"line":83,"column":0},"end":{"line":83,"column":41}},"85":{"start":{"line":86,"column":0},"end":{"line":86,"column":37}},"86":{"start":{"line":87,"column":0},"end":{"line":87,"column":62}},"87":{"start":{"line":88,"column":0},"end":{"line":88,"column":50}},"88":{"start":{"line":89,"column":0},"end":{"line":89,"column":37}},"96":{"start":{"line":97,"column":0},"end":{"line":97,"column":30}},"97":{"start":{"line":98,"column":0},"end":{"line":98,"column":52}},"99":{"start":{"line":100,"column":0},"end":{"line":100,"column":27}},"100":{"start":{"line":101,"column":0},"end":{"line":101,"column":56}},"101":{"start":{"line":102,"column":0},"end":{"line":102,"column":45}},"102":{"start":{"line":103,"column":0},"end":{"line":103,"column":87}},"103":{"start":{"line":104,"column":0},"end":{"line":104,"column":65}},"104":{"start":{"line":105,"column":0},"end":{"line":105,"column":56}},"107":{"start":{"line":108,"column":0},"end":{"line":108,"column":45}},"108":{"start":{"line":109,"column":0},"end":{"line":109,"column":91}},"109":{"start":{"line":110,"column":0},"end":{"line":110,"column":61}},"110":{"start":{"line":111,"column":0},"end":{"line":111,"column":78}},"111":{"start":{"line":112,"column":0},"end":{"line":112,"column":29}},"112":{"start":{"line":113,"column":0},"end":{"line":113,"column":95}},"113":{"start":{"line":114,"column":0},"end":{"line":114,"column":82}},"116":{"start":{"line":117,"column":0},"end":{"line":117,"column":70}},"117":{"start":{"line":118,"column":0},"end":{"line":118,"column":70}},"125":{"start":{"line":126,"column":0},"end":{"line":126,"column":33}},"126":{"start":{"line":127,"column":0},"end":{"line":127,"column":43}},"127":{"start":{"line":128,"column":0},"end":{"line":128,"column":69}},"128":{"start":{"line":129,"column":0},"end":{"line":129,"column":91}},"129":{"start":{"line":130,"column":0},"end":{"line":130,"column":61}},"130":{"start":{"line":131,"column":0},"end":{"line":131,"column":78}},"131":{"start":{"line":132,"column":0},"end":{"line":132,"column":90}},"132":{"start":{"line":133,"column":0},"end":{"line":133,"column":39}},"136":{"start":{"line":137,"column":0},"end":{"line":137,"column":65}},"137":{"start":{"line":138,"column":0},"end":{"line":138,"column":25}},"138":{"start":{"line":139,"column":0},"end":{"line":139,"column":81}},"139":{"start":{"line":140,"column":0},"end":{"line":140,"column":63}},"140":{"start":{"line":141,"column":0},"end":{"line":141,"column":79}},"141":{"start":{"line":142,"column":0},"end":{"line":142,"column":25}},"142":{"start":{"line":143,"column":0},"end":{"line":143,"column":56}},"145":{"start":{"line":146,"column":0},"end":{"line":146,"column":63}},"146":{"start":{"line":147,"column":0},"end":{"line":147,"column":88}},"152":{"start":{"line":153,"column":0},"end":{"line":153,"column":52}},"153":{"start":{"line":154,"column":0},"end":{"line":154,"column":43}},"154":{"start":{"line":155,"column":0},"end":{"line":155,"column":100}},"155":{"start":{"line":156,"column":0},"end":{"line":156,"column":66}},"156":{"start":{"line":157,"column":0},"end":{"line":157,"column":46}},"157":{"start":{"line":158,"column":0},"end":{"line":158,"column":63}},"158":{"start":{"line":159,"column":0},"end":{"line":159,"column":74}},"159":{"start":{"line":160,"column":0},"end":{"line":160,"column":66}},"160":{"start":{"line":161,"column":0},"end":{"line":161,"column":59}},"163":{"start":{"line":164,"column":0},"end":{"line":164,"column":43}},"164":{"start":{"line":165,"column":0},"end":{"line":165,"column":63}},"165":{"start":{"line":166,"column":0},"end":{"line":166,"column":78}},"166":{"start":{"line":167,"column":0},"end":{"line":167,"column":69}},"167":{"start":{"line":168,"column":0},"end":{"line":168,"column":56}},"170":{"start":{"line":171,"column":0},"end":{"line":171,"column":39}},"171":{"start":{"line":172,"column":0},"end":{"line":172,"column":63}},"172":{"start":{"line":173,"column":0},"end":{"line":173,"column":74}},"173":{"start":{"line":174,"column":0},"end":{"line":174,"column":66}},"174":{"start":{"line":175,"column":0},"end":{"line":175,"column":52}},"177":{"start":{"line":178,"column":0},"end":{"line":178,"column":47}},"178":{"start":{"line":179,"column":0},"end":{"line":179,"column":63}},"179":{"start":{"line":180,"column":0},"end":{"line":180,"column":80}},"180":{"start":{"line":181,"column":0},"end":{"line":181,"column":68}},"181":{"start":{"line":182,"column":0},"end":{"line":182,"column":60}},"184":{"start":{"line":185,"column":0},"end":{"line":185,"column":43}},"185":{"start":{"line":186,"column":0},"end":{"line":186,"column":63}},"186":{"start":{"line":187,"column":0},"end":{"line":187,"column":75}},"187":{"start":{"line":188,"column":0},"end":{"line":188,"column":70}},"188":{"start":{"line":189,"column":0},"end":{"line":189,"column":56}},"191":{"start":{"line":192,"column":0},"end":{"line":192,"column":43}},"192":{"start":{"line":193,"column":0},"end":{"line":193,"column":62}},"193":{"start":{"line":194,"column":0},"end":{"line":194,"column":83}},"194":{"start":{"line":195,"column":0},"end":{"line":195,"column":70}},"195":{"start":{"line":196,"column":0},"end":{"line":196,"column":75}},"198":{"start":{"line":199,"column":0},"end":{"line":199,"column":48}},"199":{"start":{"line":200,"column":0},"end":{"line":200,"column":63}},"200":{"start":{"line":201,"column":0},"end":{"line":201,"column":67}},"201":{"start":{"line":202,"column":0},"end":{"line":202,"column":86}},"209":{"start":{"line":210,"column":0},"end":{"line":210,"column":84}},"210":{"start":{"line":211,"column":0},"end":{"line":211,"column":43}},"211":{"start":{"line":212,"column":0},"end":{"line":212,"column":96}},"212":{"start":{"line":213,"column":0},"end":{"line":213,"column":45}},"213":{"start":{"line":214,"column":0},"end":{"line":214,"column":70}},"214":{"start":{"line":215,"column":0},"end":{"line":215,"column":86}},"215":{"start":{"line":216,"column":0},"end":{"line":216,"column":32}},"227":{"start":{"line":228,"column":0},"end":{"line":228,"column":1}}},"s":{"0":0,"27":0,"28":0,"29":0,"30":0,"31":0,"32":0,"33":0,"35":0,"36":0,"37":0,"39":0,"40":0,"42":0,"43":0,"44":0,"45":0,"46":0,"47":0,"48":0,"49":0,"50":0,"51":0,"52":0,"53":0,"54":0,"58":0,"59":0,"60":0,"61":0,"62":0,"63":0,"65":0,"71":0,"72":0,"73":0,"74":0,"75":0,"76":0,"79":0,"80":0,"81":0,"82":0,"85":0,"86":0,"87":0,"88":0,"96":0,"97":0,"99":0,"100":0,"101":0,"102":0,"103":0,"104":0,"107":0,"108":0,"109":0,"110":0,"111":0,"112":0,"113":0,"116":0,"117":0,"125":0,"126":0,"127":0,"128":0,"129":0,"130":0,"131":0,"132":0,"136":0,"137":0,"138":0,"139":0,"140":0,"141":0,"142":0,"145":0,"146":0,"152":0,"153":0,"154":0,"155":0,"156":0,"157":0,"158":0,"159":0,"160":0,"163":0,"164":0,"165":0,"166":0,"167":0,"170":0,"171":0,"172":0,"173":0,"174":0,"177":0,"178":0,"179":0,"180":0,"181":0,"184":0,"185":0,"186":0,"187":0,"188":0,"191":0,"192":0,"193":0,"194":0,"195":0,"198":0,"199":0,"200":0,"201":0,"209":0,"210":0,"211":0,"212":0,"213":0,"214":0,"215":0,"227":0},"branchMap":{"0":{"type":"branch","line":1,"loc":{"start":{"line":1,"column":9895},"end":{"line":228,"column":1}},"locations":[{"start":{"line":1,"column":9895},"end":{"line":228,"column":1}}]}},"b":{"0":[0]},"fnMap":{"0":{"name":"(empty-report)","decl":{"start":{"line":1,"column":9895},"end":{"line":228,"column":1}},"loc":{"start":{"line":1,"column":9895},"end":{"line":228,"column":1}},"line":1}},"f":{"0":0}}
,"/Users/williamwhite/apps/william-ai-scribe/src/components/MemoryTimeline.tsx": {"path":"/Users/williamwhite/apps/william-ai-scribe/src/components/MemoryTimeline.tsx","all":true,"statementMap":{"0":{"start":{"line":1,"column":0},"end":{"line":1,"column":44}},"26":{"start":{"line":27,"column":0},"end":{"line":27,"column":21}},"27":{"start":{"line":28,"column":0},"end":{"line":28,"column":11}},"28":{"start":{"line":29,"column":0},"end":{"line":29,"column":17}},"29":{"start":{"line":30,"column":0},"end":{"line":30,"column":28}},"30":{"start":{"line":31,"column":0},"end":{"line":31,"column":30}},"31":{"start":{"line":32,"column":0},"end":{"line":32,"column":20}},"32":{"start":{"line":33,"column":0},"end":{"line":33,"column":30}},"33":{"start":{"line":34,"column":0},"end":{"line":34,"column":4}},"34":{"start":{"line":35,"column":0},"end":{"line":35,"column":12}},"35":{"start":{"line":36,"column":0},"end":{"line":36,"column":16}},"36":{"start":{"line":37,"column":0},"end":{"line":37,"column":30}},"37":{"start":{"line":38,"column":0},"end":{"line":38,"column":32}},"38":{"start":{"line":39,"column":0},"end":{"line":39,"column":24}},"39":{"start":{"line":40,"column":0},"end":{"line":40,"column":32}},"40":{"start":{"line":41,"column":0},"end":{"line":41,"column":4}},"41":{"start":{"line":42,"column":0},"end":{"line":42,"column":10}},"42":{"start":{"line":43,"column":0},"end":{"line":43,"column":16}},"43":{"start":{"line":44,"column":0},"end":{"line":44,"column":29}},"44":{"start":{"line":45,"column":0},"end":{"line":45,"column":31}},"45":{"start":{"line":46,"column":0},"end":{"line":46,"column":18}},"46":{"start":{"line":47,"column":0},"end":{"line":47,"column":31}},"47":{"start":{"line":48,"column":0},"end":{"line":48,"column":4}},"48":{"start":{"line":49,"column":0},"end":{"line":49,"column":14}},"49":{"start":{"line":50,"column":0},"end":{"line":50,"column":17}},"50":{"start":{"line":51,"column":0},"end":{"line":51,"column":28}},"51":{"start":{"line":52,"column":0},"end":{"line":52,"column":30}},"52":{"start":{"line":53,"column":0},"end":{"line":53,"column":21}},"53":{"start":{"line":54,"column":0},"end":{"line":54,"column":30}},"54":{"start":{"line":55,"column":0},"end":{"line":55,"column":3}},"55":{"start":{"line":56,"column":0},"end":{"line":56,"column":2}},"57":{"start":{"line":58,"column":0},"end":{"line":58,"column":33}},"58":{"start":{"line":59,"column":0},"end":{"line":59,"column":12}},"59":{"start":{"line":60,"column":0},"end":{"line":60,"column":20}},"60":{"start":{"line":61,"column":0},"end":{"line":61,"column":22}},"61":{"start":{"line":62,"column":0},"end":{"line":62,"column":12}},"62":{"start":{"line":63,"column":0},"end":{"line":63,"column":25}},"63":{"start":{"line":64,"column":0},"end":{"line":64,"column":71}},"64":{"start":{"line":65,"column":0},"end":{"line":65,"column":78}},"66":{"start":{"line":67,"column":0},"end":{"line":67,"column":19}},"67":{"start":{"line":68,"column":0},"end":{"line":68,"column":37}},"68":{"start":{"line":69,"column":0},"end":{"line":69,"column":54}},"69":{"start":{"line":70,"column":0},"end":{"line":70,"column":44}},"70":{"start":{"line":71,"column":0},"end":{"line":71,"column":24}},"71":{"start":{"line":72,"column":0},"end":{"line":72,"column":54}},"72":{"start":{"line":73,"column":0},"end":{"line":73,"column":38}},"74":{"start":{"line":75,"column":0},"end":{"line":75,"column":39}},"75":{"start":{"line":76,"column":0},"end":{"line":76,"column":57}},"76":{"start":{"line":77,"column":0},"end":{"line":77,"column":22}},"77":{"start":{"line":78,"column":0},"end":{"line":78,"column":7}},"79":{"start":{"line":80,"column":0},"end":{"line":80,"column":41}},"80":{"start":{"line":81,"column":0},"end":{"line":81,"column":60}},"81":{"start":{"line":82,"column":0},"end":{"line":82,"column":63}},"82":{"start":{"line":83,"column":0},"end":{"line":83,"column":17}},"84":{"start":{"line":85,"column":0},"end":{"line":85,"column":53}},"85":{"start":{"line":86,"column":0},"end":{"line":86,"column":60}},"86":{"start":{"line":87,"column":0},"end":{"line":87,"column":67}},"87":{"start":{"line":88,"column":0},"end":{"line":88,"column":61}},"88":{"start":{"line":89,"column":0},"end":{"line":89,"column":16}},"89":{"start":{"line":90,"column":0},"end":{"line":90,"column":4}},"91":{"start":{"line":92,"column":0},"end":{"line":92,"column":10}},"92":{"start":{"line":93,"column":0},"end":{"line":93,"column":47}},"94":{"start":{"line":95,"column":0},"end":{"line":95,"column":52}},"95":{"start":{"line":96,"column":0},"end":{"line":96,"column":50}},"96":{"start":{"line":97,"column":0},"end":{"line":97,"column":66}},"97":{"start":{"line":98,"column":0},"end":{"line":98,"column":25}},"98":{"start":{"line":99,"column":0},"end":{"line":99,"column":21}},"99":{"start":{"line":100,"column":0},"end":{"line":100,"column":37}},"100":{"start":{"line":101,"column":0},"end":{"line":101,"column":74}},"102":{"start":{"line":103,"column":0},"end":{"
[...]
{"line":159,"column":0},"end":{"line":159,"column":71}},"159":{"start":{"line":160,"column":0},"end":{"line":160,"column":25}},"160":{"start":{"line":161,"column":0},"end":{"line":161,"column":18}},"161":{"start":{"line":162,"column":0},"end":{"line":162,"column":35}},"162":{"start":{"line":163,"column":0},"end":{"line":163,"column":39}},"163":{"start":{"line":164,"column":0},"end":{"line":164,"column":53}},"165":{"start":{"line":166,"column":0},"end":{"line":166,"column":26}},"166":{"start":{"line":167,"column":0},"end":{"line":167,"column":52}},"167":{"start":{"line":168,"column":0},"end":{"line":168,"column":5}},"169":{"start":{"line":170,"column":0},"end":{"line":170,"column":47}},"170":{"start":{"line":171,"column":0},"end":{"line":171,"column":56}},"171":{"start":{"line":172,"column":0},"end":{"line":172,"column":106}},"172":{"start":{"line":173,"column":0},"end":{"line":173,"column":72}},"173":{"start":{"line":174,"column":0},"end":{"line":174,"column":9}},"174":{"start":{"line":175,"column":0},"end":{"line":175,"column":5}},"176":{"start":{"line":177,"column":0},"end":{"line":177,"column":58}},"177":{"start":{"line":178,"column":0},"end":{"line":178,"column":51}},"178":{"start":{"line":179,"column":0},"end":{"line":179,"column":23}},"179":{"start":{"line":180,"column":0},"end":{"line":180,"column":18}},"180":{"start":{"line":181,"column":0},"end":{"line":181,"column":35}},"181":{"start":{"line":182,"column":0},"end":{"line":182,"column":27}},"182":{"start":{"line":183,"column":0},"end":{"line":183,"column":48}},"183":{"start":{"line":184,"column":0},"end":{"line":184,"column":16}},"185":{"start":{"line":186,"column":0},"end":{"line":186,"column":47}},"186":{"start":{"line":187,"column":0},"end":{"line":187,"column":33}},"187":{"start":{"line":188,"column":0},"end":{"line":188,"column":83}},"189":{"start":{"line":190,"column":0},"end":{"line":190,"column":27}},"190":{"start":{"line":191,"column":0},"end":{"line":191,"column":53}},"191":{"start":{"line":192,"column":0},"end":{"line":192,"column":96}},"192":{"start":{"line":193,"column":0},"end":{"line":193,"column":72}},"193":{"start":{"line":194,"column":0},"end":{"line":194,"column":9}},"194":{"start":{"line":195,"column":0},"end":{"line":195,"column":5}},"196":{"start":{"line":197,"column":0},"end":{"line":197,"column":45}},"197":{"start":{"line":198,"column":0},"end":{"line":198,"column":45}},"198":{"start":{"line":199,"column":0},"end":{"line":199,"column":66}},"199":{"start":{"line":200,"column":0},"end":{"line":200,"column":17}},"201":{"start":{"line":202,"column":0},"end":{"line":202,"column":128}},"210":{"start":{"line":211,"column":0},"end":{"line":211,"column":100}},"212":{"start":{"line":213,"column":0},"end":{"line":213,"column":37}},"213":{"start":{"line":214,"column":0},"end":{"line":214,"column":85}},"214":{"start":{"line":215,"column":0},"end":{"line":215,"column":18}},"217":{"start":{"line":218,"column":0},"end":{"line":218,"column":67}},"218":{"start":{"line":219,"column":0},"end":{"line":219,"column":88}},"220":{"start":{"line":221,"column":0},"end":{"line":221,"column":37}},"221":{"start":{"line":222,"column":0},"end":{"line":222,"column":81}},"222":{"start":{"line":223,"column":0},"end":{"line":223,"column":13}},"223":{"start":{"line":224,"column":0},"end":{"line":224,"column":19}},"224":{"start":{"line":225,"column":0},"end":{"line":225,"column":39}},"225":{"start":{"line":226,"column":0},"end":{"line":226,"column":36}},"226":{"start":{"line":227,"column":0},"end":{"line":227,"column":23}},"227":{"start":{"line":228,"column":0},"end":{"line":228,"column":18}},"228":{"start":{"line":229,"column":0},"end":{"line":229,"column":40}},"229":{"start":{"line":230,"column":0},"end":{"line":230,"column":45}},"230":{"start":{"line":231,"column":0},"end":{"line":231,"column":45}},"231":{"start":{"line":232,"column":0},"end":{"line":232,"column":45}},"232":{"start":{"line":233,"column":0},"end":{"line":233,"column":10}},"233":{"start":{"line":234,"column":0},"end":{"line":234,"column":16}},"234":{"start":{"line":235,"column":0},"end":{"line":235,"column":19}},"235":{"start":{"line":236,"column":0},"end":{"line":236,"column":79}},"236":{"start":{"line":237,"column":0},"end":{"line":237,"column":7}},"237":{"start":{"line":238,"column":0},"end":{"line":238,"column":7}},"239":{"start":{"line":240,"column":0},"end":{"line":240,"column":20}},"240":{"start":{"line":241,"column":0},"end":{"line":241,"column":55}},"241":{"start":{"line":242,"column":0},"end":{"line":242,"column":47}},"242":{"start":{"line":243,"column":0},"end":{"line":243,"column":5}},"244":{"start":{"line":245,"column":0},"end":{"line":245,"column":51}},"245":{"start":{"line":246,"column":0},"end":{"line":246,"column":34}},"246":{"start":{"line":247,"column":0},"end":{"line":247,"column":129}},"251":{"start":{"line":252,"column":0},"end":{"line":252,"column":95}},"253":{"start":{"line":254,"column":0},"end":{"line":254,"column":11}},"254":{"start":{"line":255,"column":0},"end":{"line":255,"column":48}},"255":{"start":{"line":256,"column":0},"end":{"line":256,"column":90}},"256":{"start":{"line":257,"column":0},"end":{"line":257,"column":86}},"259":{"start":{"line":260,"column":0},"end":{"line":260,"column":50}},"261":{"start":{"line":262,"column":0},"end":{"line":262,"column":56}},"262":{"start":{"line":263,"column":0},"end":{"line":263,"column":58}},"263":{"start":{"line":264,"column":0},"end":{"line":264,"column":19}},"264":{"start":{"line":265,"column":0},"end":{"line":265,"column":25}},"265":{"start":{"line":266,"column":0},"end":{"line":266,"column":45}},"266":{"start":{"line":267,"column":0},"end":{"line":267,"column":42}},"267":{"start":{"line":268,"column":0},"end":{"line":268,"column":30}},"268":{"start":{"line":269,"column":0},"end":{"line":269,"column":30}},"269":{"start":{"line":270,"column":0},"end":{"line":270,"column":89}},"270":{"start":{"line":271,"column":0},"end":{"line":271,"column":41}},"271":{"start":{"line":272,"column":0},"end":{"line":272,"column":98}},"272":{"start":{"line":273,"column":0},"end":{"line":273,"column":13}},"273":{"start":{"line":274,"column":0},"end":{"line":274,"column":13}},"274":{"start":{"line":275,"column":0},"end":{"line":275,"column":9}},"275":{"start":{"line":276,"column":0},"end":{"line":276,"column":28}},"276":{"start":{"line":277,"column":0},"end":{"line":277,"column":62}},"277":{"start":{"line":278,"column":0},"end":{"line":278,"column":49}},"278":{"start":{"line":279,"column":0},"end":{"line":279,"column":7}},"279":{"start":{"line":280,"column":0},"end":{"line":280,"column":5}},"281":{"start":{"line":282,"column":0},"end":{"line":282,"column":67}},"283":{"start":{"line":284,"column":0},"end":{"line":284,"column":41}},"284":{"start":{"line":285,"column":0},"end":{"line":285,"column":20}},"285":{"start":{"line":286,"column":0},"end":{"line":286,"column":14}},"286":{"start":{"line":287,"column":0},"end":{"line":287,"column":41}},"287":{"start":{"line":288,"column":0},"end":{"line":288,"column":16}},"288":{"start":{"line":289,"column":0},"end":{"line":289,"column":9}},"289":{"start":{"line":290,"column":0},"end":{"line":290,"column":70}},"290":{"start":{"line":291,"column":0},"end":{"line":291,"column":7}},"292":{"start":{"line":293,"column":0},"end":{"line":293,"column":19}},"293":{"start":{"line":294,"column":0},"end":{"line":294,"column":65}},"294":{"start":{"line":295,"column":0},"end":{"line":295,"column":67}},"295":{"start":{"line":296,"column":0},"end":{"line":296,"column":18}},"296":{"start":{"line":297,"column":0},"end":{"line":297,"column":70}},"297":{"start":{"line":298,"column":0},"end":{"line":298,"column":7}},"298":{"start":{"line":299,"column":0},"end":{"line":299,"column":3}},"299":{"start":{"line":300,"column":0},"end":{"line":300,"column":3}}},"s":{"0":0,"1":0,"2":0,"4":0,"5":0,"6":0,"7":0,"8":0,"9":0,"11":0,"12":0,"14":0,"15":0,"16":0,"17":0,"19":0,"20":0,"21":0,"22":0,"24":0,"25":0,"26":0,"27":0,"28":0,"30":0,"31":0,"32":0,"34":0,"35":0,"36":0,"38":0,"39":0,"40":0,"42":0,"44":0,"45":0,"46":0,"48":0,"49":0,"50":0,"52":0,"53":0,"54":0,"55":0,"56":0,"57":0,"58":0,"60":0,"61":0,"62":0,"64":0,"66":0,"67":0,"68":0,"69":0,"70":0,"71":0,"72":0,"73":0,"74":0,"75":0,"76":0,"77":0,"78":0,"79":0,"80":0,"81":0,"82":0,"84":0,"85":0,"86":0,"88":0,"89":0,"90":0,"92":0,"93":0,"95":0,"96":0,"97":0,"99":0,"100":0,"101":0,"102":0,"103":0,"104":0,"105":0,"106":0,"108":0,"109":0,"110":0,"112":0,"113":0,"114":0,"115":0,"116":0,"117":0,"119":0,"121":0,"122":0,"123":0,"124":0,"125":0,"126":0,"127":0,"129":0,"131":0,"132":0,"133":0,"134":0,"135":0,"136":0,"137":0,"139":0,"140":0,"141":0,"142":0,"143":0,"144":0,"145":0,"147":0,"148":0,"149":0,"150":0,"151":0,"152":0,"153":0,"154":0,"155":0,"157":0,"158":0,"159":0,"160":0,"161":0,"162":0,"163":0,"165":0,"166":0,"167":0,"169":0,"170":0,"171":0,"172":0,"173":0,"174":0,"176":0,"177":0,"178":0,"179":0,"180":0,"181":0,"182":0,"183":0,"185":0,"186":0,"187":0,"189":0,"190":0,"191":0,"192":0,"193":0,"194":0,"196":0,"197":0,"198":0,"199":0,"201":0,"210":0,"212":0,"213":0,"214":0,"217":0,"218":0,"220":0,"221":0,"222":0,"223":0,"224":0,"225":0,"226":0,"227":0,"228":0,"229":0,"230":0,"231":0,"232":0,"233":0,"234":0,"235":0,"236":0,"237":0,"239":0,"240":0,"241":0,"242":0,"244":0,"245":0,"246":0,"251":0,"253":0,"254":0,"255":0,"256":0,"259":0,"261":0,"262":0,"263":0,"264":0,"265":0,"266":0,"267":0,"268":0,"269":0,"270":0,"271":0,"272":0,"273":0,"274":0,"275":0,"276":0,"277":0,"278":0,"279":0,"281":0,"283":0,"284":0,"285":0,"286":0,"287":0,"288":0,"289":0,"290":0,"292":0,"293":0,"294":0,"295":0,"296":0,"297":0,"298":0,"299":0},"branchMap":{"0":{"type":"branch","line":1,"loc":{"start":{"line":1,"column":0},"end":{"line":300,"column":-1528}},"locations":[{"start":{"line":1,"column":0},"end":{"line":300,"column":-1528}}]}},"b":{"0":[0]},"fnMap":{"0":{"name":"(empty-report)","decl":{"start":{"line":1,"column":0},"end":{"line":300,"column":-1528}},"loc":{"start":{"line":1,"column":0},"end":{"line":300,"column":-1528}},"line":1}},"f":{"0":0}}
,"/Users/williamwhite/apps/william-ai-scribe/supabase/functions/text_to_speech/index.ts": {"path":"/Users/williamwhite/apps/william-ai-scribe/supabase/functions/text_to_speech/index.ts","all":true,"statementMap":{"0":{"start":{"line":1,"column":0},"end":{"line":1,"column":69}},"2":{"start":{"line":3,"column":0},"end":{"line":3,"column":42}},"3":{"start":{"line":4,"column":0},"end":{"line":4,"column":25}},"4":{"start":{"line":5,"column":0},"end":{"line":5,"column":24}},"5":{"start":{"line":6,"column":0},"end":{"line":6,"column":26}},"6":{"start":{"line":7,"column":0},"end":{"line":7,"column":52}},"7":{"start":{"line":8,"column":0},"end":{"line":8,"column":68}},"8":{"start":{"line":9,"column":0},"end":{"line":9,"column":2}},"10":{"start":{"line":11,"column":0},"end":{"line":11,"column":21}},"11":{"start":{"line":12,"column":0},"end":{"line":12,"column":80}},"12":{"start":{"line":13,"column":0},"end":{"line":13,"column":87}},"13":{"start":{"line":14,"column":0},"end":{"line":14,"column":2}},"15":{"start":{"line":16,"column":0},"end":{"line":16,"column":22}},"16":{"start":{"line":17,"column":0},"end":{"line":17,"column":35}},"17":{"start":{"line":18,"column":0},"end":{"line":18,"column":43}},"18":{"start":{"line":19,"column":0},"end":{"line":19,"column":70}},"20":{"start":{"line":21,"column":0},"end":{"line":21,"column":25}},"21":{"start":{"line":22,"column":0},"end":{"line":22,"column":54}},"22":{"start":{"line":23,"column":0},"end":{"line":23,"column":3}},"24":{"start":{"line":25,"column":0},"end":{"line":25,"column":27}},"25":{"start":{"line":26,"column":0},"end":{"line":26,"column":19}},"26":{"start":{"line":27,"column":0},"end":{"line":27,"column":48}},"27":{"start":{"line":28,"column":0},"end":{"line":28,"column":4}},"29":{"start":{"line":30,"column":0},"end":{"line":30,"column":35}},"30":{"start":{"line":31,"column":0},"end":{"line":31,"column":33}},"31":{"start":{"line":32,"column":0},"end":{"line":32,"column":60}},"32":{"start":{"line":33,"column":0},"end":{"line":33,"column":3}},"34":{"start":{"line":35,"column":0},"end":{"line":35,"column":30}},"35":{"start":{"line":36,"column":0},"end":{"line":36,"column":48}},"36":{"start":{"line":37,"column":0},"end":{"line":37,"column":18}},"37":{"start":{"line":38,"column":0},"end":{"line":38,"column":31}},"38":{"start":{"line":39,"column":0},"end":{"line":39,"column":7}},"39":{"start":{"line":40,"column":0},"end":{"line":40,"column":3}},"41":{"start":{"line":42,"column":0},"end":{"line":42,"column":7}},"42":{"start":{"line":43,"column":0},"end":{"line":43,"column":60}},"44":{"start":{"line":45,"column":0},"end":{"line":45,"column":16}},"45":{"start":{"line":46,"column":0},"end":{"line":46,"column":74}},"46":{"start":{"line":47,"column":0},"end":{"line":47,"column":20}},"47":{"start":{"line":48,"column":0},"end":{"line":48,"column":75}},"48":{"start":{"line":49,"column":0},"end":{"line":49,"column":9}},"49":{"start":{"line":50,"column":0},"end":{"line":50,"column":5}},"51":{"start":{"line":52,"column":0},"end":{"line":52,"column":54}},"52":{"start":{"line":53,"column":0},"end":{"line":53,"column":18}},"53":{"start":{"line":54,"column":0},"end":{"line":54,"column":59}},"54":{"start":{"line":55,"column":0},"end":{"line":55,"column":5}},"56":{"start":{"line":57,"column":0},"end":{"line":57,"column":64}},"57":{"start":{"line":58,"column":0},"end":{"line":58,"column":39}},"58":{"start":{"line":59,"column":0},"end":{"line":59,"column":25}},"60":{"start":{"line":61,"column":0},"end":{"line":61,"column":64}},"61":{"start":{"line":62,"column":0},"end":{"line":62,"column":56}},"62":{"start":{"line":63,"column":0},"end":{"line":63,"column":58}},"64":{"start":{"line":65,"column":0},"end":{"line":65,"column":56}},"65":{"start":{"line":66,"column":0},"end":{"line":66,"column":56}},"67":{"start":{"line":68,"column":0},"end":{"line":68,"column":19}},"68":{"start":{"line":69,"column":0},"end":{"line":69,"column":38}},"69":{"start":{"line":70,"column":0},"end":{"line":70,"column":66}},"70":{"start":{"line":71,"column":0},"end":{"line":71,"column":5}},"71":{"start":{"line":72,"column":0},"end":{"line":72,"column":19}},"72":{"start":{"line":73,"column":0},"end":{"line":73,"column":38}},"73":{"start":{"line":74,"column":0},"end":{"line":74,"column":66}},"74":{"start":{"line":75,"column":0},"end":{"line":75,"column":5}},"76":{"start":{"line":77,"column":0},"end":{"line":77,"column":36}},"77":{"start":{"line":78,"column":0},"end":{"line":78,"column":54}},"79":{"start":{"line":80,"column":0},"end":{"line":80,"column":93}},"80":{"start":{"line":81,"column":0},"end":{"line":81,"column":35}},"81":{"start":{"line":82,"column":0},"end":{"line":82,"column":62}},"82":{"start":{"line":83,"column":0},"end":{"line":83,"column":5}},"84":{"start":{"line":85,"column":0},"end":{"line":85,"column":73}},"85":{"start":{"line":86,"column":0},"end":{"line":86,"column":82}},"87":{"start":{"line":88,"column":0},"end":{"line":88,"column":92}},"88":{"start":{"line":89,"column":0},"end":{"line":89,"column":21}},"89":{"start":{"line":90,"column":0},"end":{"line":90,"column":16}},"90":{"start":{"line":91,"column":0},"end":{"line":91,"column":31}},"91":{"start":{"line":92,"column":0},"end":{"line":92,"column":43}},"92":{"start":{"line":93,"column":0},"end":{"line":93,"column":29}},"93":{"start":{"line":94,"column":0},"end":{"line":94,"column":8}},"94":{"start":{"line":95,"column":0},"end":{"line":95,"column":28}},"95":{"start":{"line":96,"column":0},"end":{"line":96,"column":52}},"96":{"start":{"line":97,"column":0},"end":{"line":97,"column":67}},"97":{"start":{"line":98,"column":0},"end":{"line":98,"column":25}},"98":{"start":{"line":99,"column":0},"end":{"line":99,"column":25}},"99":{"start":{"line":100,"column":0},"end":{"line":100,"column":33}},"100":{"start":{"line":101,"column":0},"end":{"line":101,"column":21}},"101":{"start":{"line":102,"column":0},"end":{"line":102,"column":33}},"102":{"start":{"line":103,"column":0},"end":{"line":103,"column":9}},"103":{"start":{"line":104,"column":0},"end":{"line":104,"column":8}},"104":{"start":{"line":105,"column":0},"end":{"line":105,"column":7}},"106":{"start":{"line":107,"column":0},"end":{"line":107,"column":23}},"107":{"start":{"line":108,"column":0},"end":{"line":108,"column":46}},"108":{"start":{"line":109,"column":0},"end":{"line":109,"column":74}},"109":{"start":{"line":110,"column":0},"end":{"line":110,"column":67}},"110":{"start":{"line":111,"column":0},"end":{"line":111,"column":5}},"112":{"start":{"line":113,"column":0},"end":{"line":113,"column":49}},"113":{"start":{"line":114,"column":0},"end":{"line":114,"column":53}},"114":{"start":{"line":115,"column":0},"end":{"line":115,"column":51}},"116":{"start":{"line":117,"column":0},"end":{"line":117,"column":63}},"117":{"start":{"line":118,"column":0},"end":{"line":118,"column":20}},"118":{"start":{"line":119,"column":0},"end":{"line":119,"column":44}},"120":{"start":{"line":121,"column":0},"end":{"line":121,"column":60}},"121":{"start":{"line":122,"column":0},"end":{"line":122,"column":87}},"122":{"start":{"line":123,"column":0},"end":{"line":123,"column":67}},"123":{"start":{"line":124,"column":0},"end":{"line":124,"column":5}},"125":{"start":{"line":126,"column":0},"end":{"line":126,"column":37}},"127":{"start":{"line":128,"column":0},"end":{"line":128,"column":96}},"129":{"start":{"line":130,"column":0},"end":{"line":130,"column":41}},"130":{"start":{"line":131,"column":0},"end":{"line":131,"column":32}},"131":{"start":{"line":132,"column":0},"end":{"line":132,"column":20}},"132":{"start":{"line":133,"column":0},"end":{"line":133,"column":22}},"133":{"start":{"line":134,"column":0},"end":{"line":134,"column":26}},"134":{"start":{"line":135,"column":0},"end":{"line":135,"column":35}},"135":{"start":{"line":136,"column":0},"end":{"line":136,"column":9}},"136":{"start":{"line":137,"column":0},"end":{"line":137,"column":73}},"137":{"start":{"line":138,"column":0},"end":{"line":138,"column":7}},"139":{"start":{"line":140,"column":0},"end":{"line":140,"column":19}},"140":{"start":{"line":141,"column":0},"end":{"line":141,"column":53}},"141":{"start":{"line":142,"column":0},"end":{"line":142,"column":41}},"142":{"start":{"line":143,"column":0},"end":{"line":143,"column":64}},"143":{"start":{"line":144,"column":0},"end":{"line":144,"column":9}},"144":{"start":{"line":145,"column":0},"end":{"line":145,"column":18}},"145":{"start":{"line":146,"column":0},"end":{"line":146,"column":73}},"146":{"start":{"line":147,"column":0},"end":{"line":147,"column":7}},"147":{"start":{"line":148,"column":0},"end":{"line":148,"column":3}},"148":{"start":{"line":149,"column":0},"end":{"line":149,"column":3}}},"s":{"0":0,"2":0,"3":0,"4":0,"5":0,"6":0,"7":0,"8":0,"10":0,"11":0,"12":0,"13":0,"15":0,"16":0,"17":0,"18":0,"20":0,"21":0,"22":0,"24":0,"25":0,"26":0,"27":0,"29":0,"30":0,"31":0,"32":0,"34":0,"35":0,"36":0,"37":0,"38":0,"39":0,"41":0,"42":0,"44":0,"45":0,"46":0,"47":0,"48":0,"49":0,"51":0,"52":0,"53":0,"54":0,"56":0,"57":0,"58":0,"60":0,"61":0,"62":0,"64":0,"65":0,"67":0,"68":0,"69":0,"70":0,"71":0,"72":0,"73":0,"74":0,"76":0,"77":0,"79":0,"80":0,"81":0,"82":0,"84":0,"85":0,"87":0,"88":0,"89":0,"90":0,"91":0,"92":0,"93":0,"94":0,"95":0,"96":0,"97":0,"98":0,"99":0,"100":0,"101":0,"102":0,"103":0,"104":0,"106":0,"107":0,"108":0,"109":0,"110":0,"112":0,"113":0,"114":0,"116":0,"117":0,"118":0,"120":0,"121":0,"122":0,"123":0,"125":0,"127":0,"129":0,"130":0,"131":0,"132":0,"133":0,"134":0,"135":0,"136":0,"137":0,"139":0,"140":0,"141":0,"142":0,"143":0,"144":0,"145":0,"146":0,"147":0,"148":0},"branchMap":{"0":{"type":"branch","line":1,"loc":{"start":{"line":1,"column":0},"end":{"line":149,"column":-482}},"locations":[{"start":{"line":1,"column":0},"end":{"line":149,"column":-482}}]}},"b":{"0":[0]},"fnMap":{"0":{"name":"(empty-report)","decl":{"start":{"line":1,"column":0},"end":{"line":149,"column":-482}},"loc":{"start":{"line":1,"column":0},"end":{"line":149,"column":-482}},"line":1}},"f":{"0":0}}
}
